[2017-10-27 16:43:49.237 GMT    10	ERROR  	102401	AssemblyProcessor	]	!!!!!!!!!! Failed to load type Piraeus.Core.Metadata.ResourceMetadata in assembly Piraeus.Core, Version=1.0.0.0, Culture=neutral, PublicKeyToken=null.	
Exc level 0: System.IO.FileLoadException: Could not load file or assembly 'Newtonsoft.Json, Version=10.0.0.0, Culture=neutral, PublicKeyToken=30ad4fe6b2a6aeed' or one of its dependencies. The located assembly's manifest definition does not match the assembly reference. (Exception from HRESULT: 0x80131040)
   at System.ModuleHandle.ResolveType(RuntimeModule module, Int32 typeToken, IntPtr* typeInstArgs, Int32 typeInstCount, IntPtr* methodInstArgs, Int32 methodInstCount, ObjectHandleOnStack type)
   at System.ModuleHandle.ResolveTypeHandleInternal(RuntimeModule module, Int32 typeToken, RuntimeTypeHandle[] typeInstantiationContext, RuntimeTypeHandle[] methodInstantiationContext)
   at System.Reflection.RuntimeModule.ResolveType(Int32 metadataToken, Type[] genericTypeArguments, Type[] genericMethodArguments)
   at System.Reflection.CustomAttribute.FilterCustomAttributeRecord(CustomAttributeRecord caRecord, MetadataImport scope, Assembly& lastAptcaOkAssembly, RuntimeModule decoratedModule, MetadataToken decoratedToken, RuntimeType attributeFilterType, Boolean mustBeInheritable, Object[] attributes, IList derivedAttributes, RuntimeType& attributeType, IRuntimeMethodInfo& ctor, Boolean& ctorHasParameters, Boolean& isVarArg)
   at System.Reflection.CustomAttribute.GetCustomAttributes(RuntimeModule decoratedModule, Int32 decoratedMetadataToken, Int32 pcaCount, RuntimeType attributeFilterType, Boolean mustBeInheritable, IList derivedAttributes, Boolean isDecoratedTargetSecurityTransparent)
   at System.Reflection.CustomAttribute.GetCustomAttributes(RuntimeType type, RuntimeType caType, Boolean inherit)
   at System.RuntimeType.GetCustomAttributes(Type attributeType, Boolean inherit)
   at System.Attribute.GetCustomAttributes(MemberInfo element, Type type, Boolean inherit)
   at System.Reflection.CustomAttributeExtensions.GetCustomAttributes[T](MemberInfo element)
   at Orleans.Serialization.SerializationManager.FindSerializationInfo(Type type)
   at Orleans.Runtime.AssemblyProcessor.ProcessAssembly(Assembly assembly)
[2017-10-27 16:43:49.283 GMT    10	ERROR  	102401	AssemblyProcessor	]	!!!!!!!!!! Failed to load type Piraeus.Core.Metadata.SubscriptionMetadata in assembly Piraeus.Core, Version=1.0.0.0, Culture=neutral, PublicKeyToken=null.	
Exc level 0: System.IO.FileLoadException: Could not load file or assembly 'Newtonsoft.Json, Version=10.0.0.0, Culture=neutral, PublicKeyToken=30ad4fe6b2a6aeed' or one of its dependencies. The located assembly's manifest definition does not match the assembly reference. (Exception from HRESULT: 0x80131040)
   at System.ModuleHandle.ResolveType(RuntimeModule module, Int32 typeToken, IntPtr* typeInstArgs, Int32 typeInstCount, IntPtr* methodInstArgs, Int32 methodInstCount, ObjectHandleOnStack type)
   at System.ModuleHandle.ResolveTypeHandleInternal(RuntimeModule module, Int32 typeToken, RuntimeTypeHandle[] typeInstantiationContext, RuntimeTypeHandle[] methodInstantiationContext)
   at System.Reflection.RuntimeModule.ResolveType(Int32 metadataToken, Type[] genericTypeArguments, Type[] genericMethodArguments)
   at System.Reflection.CustomAttribute.FilterCustomAttributeRecord(CustomAttributeRecord caRecord, MetadataImport scope, Assembly& lastAptcaOkAssembly, RuntimeModule decoratedModule, MetadataToken decoratedToken, RuntimeType attributeFilterType, Boolean mustBeInheritable, Object[] attributes, IList derivedAttributes, RuntimeType& attributeType, IRuntimeMethodInfo& ctor, Boolean& ctorHasParameters, Boolean& isVarArg)
   at System.Reflection.CustomAttribute.GetCustomAttributes(RuntimeModule decoratedModule, Int32 decoratedMetadataToken, Int32 pcaCount, RuntimeType attributeFilterType, Boolean mustBeInheritable, IList derivedAttributes, Boolean isDecoratedTargetSecurityTransparent)
   at System.Reflection.CustomAttribute.GetCustomAttributes(RuntimeType type, RuntimeType caType, Boolean inherit)
   at System.RuntimeType.GetCustomAttributes(Type attributeType, Boolean inherit)
   at System.Attribute.GetCustomAttributes(MemberInfo element, Type type, Boolean inherit)
   at System.Reflection.CustomAttributeExtensions.GetCustomAttributes[T](MemberInfo element)
   at Orleans.Serialization.SerializationManager.FindSerializationInfo(Type type)
   at Orleans.Runtime.AssemblyProcessor.ProcessAssembly(Assembly assembly)
[2017-10-27 16:43:49.635 GMT    10	INFO   	100000	AssemblyLoader.Client	]	Recursively searching for assemblies in C:\_git\core\Tests\OrleansClientTest\OrleansClientTest\PiraeusUnitTest\bin\Debug...	
[2017-10-27 16:43:49.813 GMT    10	INFO   	100000	AssemblyLoader.Client	]	User assembly ignored: C:\_git\core\Tests\OrleansClientTest\OrleansClientTest\PiraeusUnitTest\bin\Debug\Capl.dll
	* Assembly contains no types assignable from Orleans.Providers.IProvider.	
[2017-10-27 16:43:50.273 GMT    10	INFO   	100000	AssemblyLoader.Client	]	User assembly ignored: C:\_git\core\Tests\OrleansClientTest\OrleansClientTest\PiraeusUnitTest\bin\Debug\Microsoft.CodeAnalysis.CSharp.dll
	* Assembly contains no types assignable from Orleans.Providers.IProvider.	
[2017-10-27 16:43:50.467 GMT    10	INFO   	100000	AssemblyLoader.Client	]	User assembly ignored: C:\_git\core\Tests\OrleansClientTest\OrleansClientTest\PiraeusUnitTest\bin\Debug\Microsoft.CodeAnalysis.dll
	* Assembly contains no types assignable from Orleans.Providers.IProvider.	
[2017-10-27 16:43:50.470 GMT    10	INFO   	100000	AssemblyLoader.Client	]	User assembly ignored: C:\_git\core\Tests\OrleansClientTest\OrleansClientTest\PiraeusUnitTest\bin\Debug\Microsoft.Extensions.DependencyInjection.Abstractions.dll
	* Assembly contains no types assignable from Orleans.Providers.IProvider.	
[2017-10-27 16:43:50.483 GMT    10	INFO   	100000	AssemblyLoader.Client	]	User assembly ignored: C:\_git\core\Tests\OrleansClientTest\OrleansClientTest\PiraeusUnitTest\bin\Debug\Microsoft.Extensions.DependencyInjection.dll
	* Assembly contains no types assignable from Orleans.Providers.IProvider.	
[2017-10-27 16:43:50.507 GMT    10	INFO   	100000	AssemblyLoader.Client	]	User assembly ignored: C:\_git\core\Tests\OrleansClientTest\OrleansClientTest\PiraeusUnitTest\bin\Debug\Microsoft.VisualStudio.TestPlatform.MSTest.TestAdapter.dll
	* Assembly contains no types assignable from Orleans.Providers.IProvider.	
[2017-10-27 16:43:50.526 GMT    10	INFO   	100000	AssemblyLoader.Client	]	User assembly ignored: C:\_git\core\Tests\OrleansClientTest\OrleansClientTest\PiraeusUnitTest\bin\Debug\Microsoft.VisualStudio.TestPlatform.MSTestAdapter.PlatformServices.dll
	* Assembly contains no types assignable from Orleans.Providers.IProvider.	
[2017-10-27 16:43:50.529 GMT    10	INFO   	100000	AssemblyLoader.Client	]	User assembly ignored: C:\_git\core\Tests\OrleansClientTest\OrleansClientTest\PiraeusUnitTest\bin\Debug\Microsoft.VisualStudio.TestPlatform.MSTestAdapter.PlatformServices.Interface.dll
	* Assembly contains no types assignable from Orleans.Providers.IProvider.	
[2017-10-27 16:43:50.533 GMT    10	INFO   	100000	AssemblyLoader.Client	]	User assembly ignored: C:\_git\core\Tests\OrleansClientTest\OrleansClientTest\PiraeusUnitTest\bin\Debug\Microsoft.VisualStudio.TestPlatform.TestFramework.dll
	* Assembly contains no types assignable from Orleans.Providers.IProvider.	
[2017-10-27 16:43:50.536 GMT    10	INFO   	100000	AssemblyLoader.Client	]	User assembly ignored: C:\_git\core\Tests\OrleansClientTest\OrleansClientTest\PiraeusUnitTest\bin\Debug\Microsoft.VisualStudio.TestPlatform.TestFramework.Extensions.dll
	* Assembly contains no types assignable from Orleans.Providers.IProvider.	
[2017-10-27 16:43:50.538 GMT    10	INFO   	100000	AssemblyLoader.Client	]	User assembly ignored: C:\_git\core\Tests\OrleansClientTest\OrleansClientTest\PiraeusUnitTest\bin\Debug\Microsoft.Win32.Primitives.dll
	* Assembly contains no types assignable from Orleans.Providers.IProvider.	
[2017-10-27 16:43:51.210 GMT    10	INFO   	100000	AssemblyLoader.Client	]	User assembly ignored: C:\_git\core\Tests\OrleansClientTest\OrleansClientTest\PiraeusUnitTest\bin\Debug\Microsoft.WindowsAzure.Storage.dll
	* Assembly contains no types assignable from Orleans.Providers.IProvider.	
[2017-10-27 16:43:51.252 GMT    10	INFO   	100000	AssemblyLoader.Client	]	User assembly ignored: C:\_git\core\Tests\OrleansClientTest\OrleansClientTest\PiraeusUnitTest\bin\Debug\Newtonsoft.Json.dll
	* Assembly contains no types assignable from Orleans.Providers.IProvider.	
[2017-10-27 16:43:51.254 GMT    10	INFO   	100000	AssemblyLoader.Client	]	User assembly ignored: C:\_git\core\Tests\OrleansClientTest\OrleansClientTest\PiraeusUnitTest\bin\Debug\Orleans.dll
	* Assembly filename is excluded.	
[2017-10-27 16:43:51.256 GMT    10	INFO   	100000	AssemblyLoader.Client	]	User assembly ignored: C:\_git\core\Tests\OrleansClientTest\OrleansClientTest\PiraeusUnitTest\bin\Debug\OrleansCodeGenerator.dll
	* Assembly contains no types assignable from Orleans.Providers.IProvider.	
[2017-10-27 16:43:51.272 GMT    10	INFO   	100000	AssemblyLoader.Client	]	User assembly ignored: C:\_git\core\Tests\OrleansClientTest\OrleansClientTest\PiraeusUnitTest\bin\Debug\Piraeus.Core.dll
	* Assembly contains no types assignable from Orleans.Providers.IProvider.	
[2017-10-27 16:43:51.276 GMT    10	INFO   	100000	AssemblyLoader.Client	]	User assembly ignored: C:\_git\core\Tests\OrleansClientTest\OrleansClientTest\PiraeusUnitTest\bin\Debug\Piraeus.GrainInterfaces.dll
	* Assembly contains no types assignable from Orleans.Providers.IProvider.	
[2017-10-27 16:43:51.289 GMT    10	INFO   	100000	AssemblyLoader.Client	]	User assembly ignored: C:\_git\core\Tests\OrleansClientTest\OrleansClientTest\PiraeusUnitTest\bin\Debug\Piraeus.Grains.dll
	* Assembly contains no types assignable from Orleans.Providers.IProvider.	
[2017-10-27 16:43:51.292 GMT    10	INFO   	100000	AssemblyLoader.Client	]	User assembly ignored: C:\_git\core\Tests\OrleansClientTest\OrleansClientTest\PiraeusUnitTest\bin\Debug\PiraeusUnitTest.dll
	* Assembly contains no types assignable from Orleans.Providers.IProvider.	
[2017-10-27 16:43:51.328 GMT    10	INFO   	100000	AssemblyLoader.Client	]	User assembly ignored: C:\_git\core\Tests\OrleansClientTest\OrleansClientTest\PiraeusUnitTest\bin\Debug\StackExchange.Redis.dll
	* Assembly contains no types assignable from Orleans.Providers.IProvider.	
[2017-10-27 16:43:51.331 GMT    10	INFO   	100000	AssemblyLoader.Client	]	User assembly ignored: C:\_git\core\Tests\OrleansClientTest\OrleansClientTest\PiraeusUnitTest\bin\Debug\System.AppContext.dll
	* Assembly contains no types assignable from Orleans.Providers.IProvider.	
[2017-10-27 16:43:51.353 GMT    10	INFO   	100000	AssemblyLoader.Client	]	User assembly ignored: C:\_git\core\Tests\OrleansClientTest\OrleansClientTest\PiraeusUnitTest\bin\Debug\System.Collections.Immutable.dll
	* Assembly contains no types assignable from Orleans.Providers.IProvider.	
[2017-10-27 16:43:51.355 GMT    10	INFO   	100000	AssemblyLoader.Client	]	User assembly ignored: C:\_git\core\Tests\OrleansClientTest\OrleansClientTest\PiraeusUnitTest\bin\Debug\System.Console.dll
	* Assembly contains no types assignable from Orleans.Providers.IProvider.	
[2017-10-27 16:43:51.362 GMT    10	INFO   	100000	AssemblyLoader.Client	]	User assembly ignored: C:\_git\core\Tests\OrleansClientTest\OrleansClientTest\PiraeusUnitTest\bin\Debug\System.Diagnostics.DiagnosticSource.dll
	* Assembly contains no types assignable from Orleans.Providers.IProvider.	
[2017-10-27 16:43:51.364 GMT    10	INFO   	100000	AssemblyLoader.Client	]	User assembly ignored: C:\_git\core\Tests\OrleansClientTest\OrleansClientTest\PiraeusUnitTest\bin\Debug\System.Diagnostics.FileVersionInfo.dll
	* Assembly contains no types assignable from Orleans.Providers.IProvider.	
[2017-10-27 16:43:51.366 GMT    10	INFO   	100000	AssemblyLoader.Client	]	User assembly ignored: C:\_git\core\Tests\OrleansClientTest\OrleansClientTest\PiraeusUnitTest\bin\Debug\System.Diagnostics.StackTrace.dll
	* Assembly contains no types assignable from Orleans.Providers.IProvider.	
[2017-10-27 16:43:51.368 GMT    10	INFO   	100000	AssemblyLoader.Client	]	User assembly ignored: C:\_git\core\Tests\OrleansClientTest\OrleansClientTest\PiraeusUnitTest\bin\Debug\System.Globalization.Calendars.dll
	* Assembly contains no types assignable from Orleans.Providers.IProvider.	
[2017-10-27 16:43:51.373 GMT    10	INFO   	100000	AssemblyLoader.Client	]	User assembly ignored: C:\_git\core\Tests\OrleansClientTest\OrleansClientTest\PiraeusUnitTest\bin\Debug\System.IO.Compression.dll
	* Assembly contains no types assignable from Orleans.Providers.IProvider.	
[2017-10-27 16:43:51.376 GMT    10	INFO   	100000	AssemblyLoader.Client	]	User assembly ignored: C:\_git\core\Tests\OrleansClientTest\OrleansClientTest\PiraeusUnitTest\bin\Debug\System.IO.Compression.ZipFile.dll
	* Assembly contains no types assignable from Orleans.Providers.IProvider.	
[2017-10-27 16:43:51.378 GMT    10	INFO   	100000	AssemblyLoader.Client	]	User assembly ignored: C:\_git\core\Tests\OrleansClientTest\OrleansClientTest\PiraeusUnitTest\bin\Debug\System.IO.FileSystem.dll
	* Assembly contains no types assignable from Orleans.Providers.IProvider.	
[2017-10-27 16:43:51.380 GMT    10	INFO   	100000	AssemblyLoader.Client	]	User assembly ignored: C:\_git\core\Tests\OrleansClientTest\OrleansClientTest\PiraeusUnitTest\bin\Debug\System.IO.FileSystem.Primitives.dll
	* Assembly contains no types assignable from Orleans.Providers.IProvider.	
[2017-10-27 16:43:51.394 GMT    10	INFO   	100000	AssemblyLoader.Client	]	User assembly ignored: C:\_git\core\Tests\OrleansClientTest\OrleansClientTest\PiraeusUnitTest\bin\Debug\System.Net.Http.dll
	* Assembly contains no types assignable from Orleans.Providers.IProvider.	
[2017-10-27 16:43:51.413 GMT    10	INFO   	100000	AssemblyLoader.Client	]	User assembly ignored: C:\_git\core\Tests\OrleansClientTest\OrleansClientTest\PiraeusUnitTest\bin\Debug\System.Net.Http.Formatting.dll
	* Assembly contains no types assignable from Orleans.Providers.IProvider.	
[2017-10-27 16:43:51.415 GMT    10	INFO   	100000	AssemblyLoader.Client	]	User assembly ignored: C:\_git\core\Tests\OrleansClientTest\OrleansClientTest\PiraeusUnitTest\bin\Debug\System.Net.Sockets.dll
	* Assembly contains no types assignable from Orleans.Providers.IProvider.	
[2017-10-27 16:43:51.464 GMT    10	INFO   	100000	AssemblyLoader.Client	]	User assembly ignored: C:\_git\core\Tests\OrleansClientTest\OrleansClientTest\PiraeusUnitTest\bin\Debug\System.Reflection.Metadata.dll
	* Assembly contains no types assignable from Orleans.Providers.IProvider.	
[2017-10-27 16:43:51.468 GMT    10	INFO   	100000	AssemblyLoader.Client	]	User assembly ignored: C:\_git\core\Tests\OrleansClientTest\OrleansClientTest\PiraeusUnitTest\bin\Debug\System.Runtime.InteropServices.RuntimeInformation.dll
	* Assembly contains no types assignable from Orleans.Providers.IProvider.	
[2017-10-27 16:43:51.472 GMT    10	INFO   	100000	AssemblyLoader.Client	]	User assembly ignored: C:\_git\core\Tests\OrleansClientTest\OrleansClientTest\PiraeusUnitTest\bin\Debug\System.Security.Cryptography.Algorithms.dll
	* Assembly contains no types assignable from Orleans.Providers.IProvider.	
[2017-10-27 16:43:51.473 GMT    10	INFO   	100000	AssemblyLoader.Client	]	User assembly ignored: C:\_git\core\Tests\OrleansClientTest\OrleansClientTest\PiraeusUnitTest\bin\Debug\System.Security.Cryptography.Encoding.dll
	* Assembly contains no types assignable from Orleans.Providers.IProvider.	
[2017-10-27 16:43:51.475 GMT    10	INFO   	100000	AssemblyLoader.Client	]	User assembly ignored: C:\_git\core\Tests\OrleansClientTest\OrleansClientTest\PiraeusUnitTest\bin\Debug\System.Security.Cryptography.Primitives.dll
	* Assembly contains no types assignable from Orleans.Providers.IProvider.	
[2017-10-27 16:43:51.477 GMT    10	INFO   	100000	AssemblyLoader.Client	]	User assembly ignored: C:\_git\core\Tests\OrleansClientTest\OrleansClientTest\PiraeusUnitTest\bin\Debug\System.Security.Cryptography.X509Certificates.dll
	* Assembly contains no types assignable from Orleans.Providers.IProvider.	
[2017-10-27 16:43:51.483 GMT    10	INFO   	100000	AssemblyLoader.Client	]	User assembly ignored: C:\_git\core\Tests\OrleansClientTest\OrleansClientTest\PiraeusUnitTest\bin\Debug\System.Text.Encoding.CodePages.dll
	* Assembly contains no types assignable from Orleans.Providers.IProvider.	
[2017-10-27 16:43:51.484 GMT    10	INFO   	100000	AssemblyLoader.Client	]	User assembly ignored: C:\_git\core\Tests\OrleansClientTest\OrleansClientTest\PiraeusUnitTest\bin\Debug\System.Threading.Thread.dll
	* Assembly contains no types assignable from Orleans.Providers.IProvider.	
[2017-10-27 16:43:51.489 GMT    10	INFO   	100000	AssemblyLoader.Client	]	User assembly ignored: C:\_git\core\Tests\OrleansClientTest\OrleansClientTest\PiraeusUnitTest\bin\Debug\System.ValueTuple.dll
	* Assembly contains no types assignable from Orleans.Providers.IProvider.	
[2017-10-27 16:43:51.528 GMT    10	INFO   	100000	AssemblyLoader.Client	]	User assembly ignored: C:\_git\core\Tests\OrleansClientTest\OrleansClientTest\PiraeusUnitTest\bin\Debug\System.Web.Http.dll
	* Assembly contains no types assignable from Orleans.Providers.IProvider.	
[2017-10-27 16:43:51.532 GMT    10	INFO   	100000	AssemblyLoader.Client	]	User assembly ignored: C:\_git\core\Tests\OrleansClientTest\OrleansClientTest\PiraeusUnitTest\bin\Debug\System.Xml.ReaderWriter.dll
	* Assembly contains no types assignable from Orleans.Providers.IProvider.	
[2017-10-27 16:43:51.534 GMT    10	INFO   	100000	AssemblyLoader.Client	]	User assembly ignored: C:\_git\core\Tests\OrleansClientTest\OrleansClientTest\PiraeusUnitTest\bin\Debug\System.Xml.XmlDocument.dll
	* Assembly contains no types assignable from Orleans.Providers.IProvider.	
[2017-10-27 16:43:51.536 GMT    10	INFO   	100000	AssemblyLoader.Client	]	User assembly ignored: C:\_git\core\Tests\OrleansClientTest\OrleansClientTest\PiraeusUnitTest\bin\Debug\System.Xml.XPath.dll
	* Assembly contains no types assignable from Orleans.Providers.IProvider.	
[2017-10-27 16:43:51.538 GMT    10	INFO   	100000	AssemblyLoader.Client	]	User assembly ignored: C:\_git\core\Tests\OrleansClientTest\OrleansClientTest\PiraeusUnitTest\bin\Debug\System.Xml.XPath.XDocument.dll
	* Assembly contains no types assignable from Orleans.Providers.IProvider.	
[2017-10-27 16:43:51.540 GMT    10	INFO   	100000	AssemblyLoader.Client	]	Loading assembly C:\_git\core\Tests\OrleansClientTest\OrleansClientTest\PiraeusUnitTest\bin\Debug\OrleansProviders.dll...	
[2017-10-27 16:43:51.580 GMT    10	INFO   	100000	AssemblyLoader.Client	]	1 assemblies loaded.	
[2017-10-27 16:43:51.686 GMT    10	INFO   	100313	OutsideRuntimeClient	]	---------- Initializing OutsideRuntimeClient on MININT-2T87D76 at 172.19.176.1 Client Id = *cli/2f911b9c ----------	
[2017-10-27 16:43:51.715 GMT    10	INFO   	100314	OutsideRuntimeClient	]	---------- Starting OutsideRuntimeClient with runtime Version='1.5.2.0 (Release).' in AppDomain=<AppDomain.Id=9, AppDomain.FriendlyName=TestSourceHost: Enumering assembly> Config= 
 Platform version info:
   Orleans version: 1.5.2.0 (Release).
   .NET version: 4.0.30319.42000
   OS version: Microsoft Windows NT 10.0.14393.0
   App config file: C:\_git\core\Tests\OrleansClientTest\OrleansClientTest\PiraeusUnitTest\bin\Debug\PiraeusUnitTest.dll.config
   GC Type=Client GCLatencyMode=Interactive
   Host: MININT-2T87D76
   Processor Count: 4
Client Configuration:
   Config File Name: 
   Start time: 2017-10-27 16:43:51.706 GMT
   Gateway Provider: Config
   Gateways[1]:
      127.0.0.1:40000
   Preferred Gateway Index: -1
   GatewayListRefreshPeriod: 00:01:00
   Preferred Address Family: InterNetwork
   DNS Host Name: MININT-2T87D76
   Client Name: Client
   Tracing: 
     Default Trace Level: Info
     TraceLevelOverrides: None
     Trace to Console: True
     Trace File Name: C:\_git\core\Tests\OrleansClientTest\OrleansClientTest\PiraeusUnitTest\bin\Debug\Client-2017-10-27-16.43.40.519Z.log
     LargeMessageWarningThreshold: 85000
     PropagateActivityId: False
     BulkMessageLimit: 5
   Statistics: 
     MetricsTableWriteInterval: 00:00:30
     PerfCounterWriteInterval: -00:00:00.0010000
     LogWriteInterval: 00:05:00
     WriteLogStatisticsToTable: True
     StatisticsCollectionLevel: Info
   Messaging:
       Response timeout: 00:30:00
       Maximum resend count: 0
       Resend On Timeout: False
       Maximum Socket Age: 10675199.02:48:05.4775807
       Drop Expired Messages: True
       Client Sender Buckets: 8192
       Buffer Pool Buffer Size: 4096
       Buffer Pool Max Size: 10000
       Buffer Pool Preallocation Size: 250
       Fallback serializer: 
   .NET: 
       .NET thread pool sizes - Min: Worker Threads=4 Completion Port Threads=4
       .NET thread pool sizes - Max: Worker Threads=1023 Completion Port Threads=1000
   Providers:
       No providers configured.
	
[2017-10-27 16:43:51.848 GMT     9	INFO   	101309	Messaging.GatewayManager	]	Found 1 knownGateways from Gateway listProvider [gwy.tcp://127.0.0.1:40000/0]	
[2017-10-27 16:43:51.983 GMT     9	INFO   	100908	Messaging.GatewayConnection/GatewayClientSender_gwy.tcp://127.0.0.1:40000/0	172.19.176.1:0]	Connected to gateway at address gwy.tcp://127.0.0.1:40000/0 on trial 0.	
[2017-10-27 16:43:52.022 GMT     6	INFO   	100000	Messaging.GatewayConnection/GatewayClientSender_gwy.tcp://127.0.0.1:40000/0	172.19.176.1:0]	Starting AsyncAgent Messaging.GatewayConnection/GatewayClientSender_gwy.tcp://127.0.0.1:40000/0 on managed thread 6	
[2017-10-27 16:43:52.020 GMT    15	INFO   	100000	Messaging.GatewayClientReceiver/gwy.tcp://127.0.0.1:40000/0	172.19.176.1:0]	Starting AsyncAgent Messaging.GatewayClientReceiver/gwy.tcp://127.0.0.1:40000/0 on managed thread 15	
[2017-10-27 16:43:52.283 GMT    14	INFO   	100929	OutsideRuntimeClient	172.19.176.1:0]	---------- Started OutsideRuntimeClient with Global Client ID: C172.19.176.1:0:-246818631*cli/2f911b9c@eba559b7, client GUID ID: *cli/2f911b9c	
[2017-10-27 16:43:54.722 GMT    10	WARNING	101723	AssemblyProcessor	172.19.176.1:0]	Exception loading types from assembly 'Microsoft.WindowsAzure.Storage, Version=8.5.0.0, Culture=neutral, PublicKeyToken=31bf3856ad364e35': 
Exc level 0: System.Reflection.ReflectionTypeLoadException: Unable to load one or more of the requested types. Retrieve the LoaderExceptions property for more information.
   at System.Reflection.RuntimeModule.GetTypes(RuntimeModule module)
   at System.Reflection.RuntimeAssembly.get_DefinedTypes()
   at Orleans.Runtime.TypeUtils.GetDefinedTypes(Assembly assembly, Logger logger)
Exc level 1: System.IO.FileNotFoundException: Could not load file or assembly 'Microsoft.Data.Services.Client, Version=5.8.3.0, Culture=neutral, PublicKeyToken=31bf3856ad364e35' or one of its dependencies. The system cannot find the file specified.
Exc level 2: System.IO.FileNotFoundException: Could not load file or assembly 'Microsoft.Data.Services.Client, Version=5.8.1.0, Culture=neutral, PublicKeyToken=31bf3856ad364e35' or one of its dependencies. The system cannot find the file specified.
Exc level 1: System.IO.FileNotFoundException: Could not load file or assembly 'Microsoft.Data.OData, Version=5.8.3.0, Culture=neutral, PublicKeyToken=31bf3856ad364e35' or one of its dependencies. The system cannot find the file specified.
Exc level 2: System.IO.FileNotFoundException: Could not load file or assembly 'Microsoft.Data.OData, Version=5.8.1.0, Culture=neutral, PublicKeyToken=31bf3856ad364e35' or one of its dependencies. The system cannot find the file specified.
Exc level 1: System.IO.FileNotFoundException: Could not load file or assembly 'Microsoft.Data.OData, Version=5.8.3.0, Culture=neutral, PublicKeyToken=31bf3856ad364e35' or one of its dependencies. The system cannot find the file specified.
Exc level 2: System.IO.FileNotFoundException: Could not load file or assembly 'Microsoft.Data.OData, Version=5.8.1.0, Culture=neutral, PublicKeyToken=31bf3856ad364e35' or one of its dependencies. The system cannot find the file specified.
Exc level 1: System.IO.FileNotFoundException: Could not load file or assembly 'Microsoft.Data.OData, Version=5.8.3.0, Culture=neutral, PublicKeyToken=31bf3856ad364e35' or one of its dependencies. The system cannot find the file specified.
Exc level 2: System.IO.FileNotFoundException: Could not load file or assembly 'Microsoft.Data.OData, Version=5.8.1.0, Culture=neutral, PublicKeyToken=31bf3856ad364e35' or one of its dependencies. The system cannot find the file specified.
Exc level 1: System.IO.FileNotFoundException: Could not load file or assembly 'Microsoft.Data.Edm, Version=5.8.3.0, Culture=neutral, PublicKeyToken=31bf3856ad364e35' or one of its dependencies. The system cannot find the file specified.
Exc level 2: System.IO.FileNotFoundException: Could not load file or assembly 'Microsoft.Data.Edm, Version=5.8.1.0, Culture=neutral, PublicKeyToken=31bf3856ad364e35' or one of its dependencies. The system cannot find the file specified.
Exc level 1: System.IO.FileNotFoundException: Could not load file or assembly 'Microsoft.Data.Edm, Version=5.8.3.0, Culture=neutral, PublicKeyToken=31bf3856ad364e35' or one of its dependencies. The system cannot find the file specified.
Exc level 2: System.IO.FileNotFoundException: Could not load file or assembly 'Microsoft.Data.Edm, Version=5.8.1.0, Culture=neutral, PublicKeyToken=31bf3856ad364e35' or one of its dependencies. The system cannot find the file specified.
Exc level 1: System.IO.FileNotFoundException: Could not load file or assembly 'Microsoft.Data.OData, Version=5.8.3.0, Culture=neutral, PublicKeyToken=31bf3856ad364e35' or one of its dependencies. The system cannot find the file specified.
Exc level 2: System.IO.FileNotFoundException: Could not load file or assembly 'Microsoft.Data.OData, Version=5.8.1.0, Culture=neutral, PublicKeyToken=31bf3856ad364e35' or one of its dependencies. The system cannot find the file specified.
Exc level 1: System.IO.FileNotFoundException: Could not load file or assembly 'Microsoft.Azure.KeyVault.Core, Version=2.0.0.0, Culture=neutral, PublicKeyToken=31bf3856ad364e35' or one of its dependencies. The system cannot find the file specified.
Exc level 2: System.IO.FileNotFoundException: Could not load file or assembly 'Microsoft.Azure.KeyVault.Core, Version=1.0.0.0, Culture=neutral, PublicKeyToken=31bf3856ad364e35' or one of its dependencies. The system cannot find the file specified.
Exc level 1: System.IO.FileNotFoundException: Could not load file or assembly 'Microsoft.Azure.KeyVault.Core, Version=2.0.0.0, Culture=neutral, PublicKeyToken=31bf3856ad364e35' or one of its dependencies. The system cannot find the file specified.
Exc level 2: System.IO.FileNotFoundException: Could not load file or assembly 'Microsoft.Azure.KeyVault.Core, Version=1.0.0.0, Culture=neutral, PublicKeyToken=31bf3856ad364e35' or one of its dependencies. The system cannot find the file specified.
Exc level 1: System.IO.FileNotFoundException: Could not load file or assembly 'Microsoft.Data.Services.Client, Version=5.8.3.0, Culture=neutral, PublicKeyToken=31bf3856ad364e35' or one of its dependencies. The system cannot find the file specified.
Exc level 2: System.IO.FileNotFoundException: Could not load file or assembly 'Microsoft.Data.Services.Client, Version=5.8.1.0, Culture=neutral, PublicKeyToken=31bf3856ad364e35' or one of its dependencies. The system cannot find the file specified.
Exc level 1: System.IO.FileNotFoundException: Could not load file or assembly 'Microsoft.Data.OData, Version=5.8.3.0, Culture=neutral, PublicKeyToken=31bf3856ad364e35' or one of its dependencies. The system cannot find the file specified.
Exc level 2: System.IO.FileNotFoundException: Could not load file or assembly 'Microsoft.Data.OData, Version=5.8.1.0, Culture=neutral, PublicKeyToken=31bf3856ad364e35' or one of its dependencies. The system cannot find the file specified..	
Exc level 0: System.Reflection.ReflectionTypeLoadException: Unable to load one or more of the requested types. Retrieve the LoaderExceptions property for more information.
   at System.Reflection.RuntimeModule.GetTypes(RuntimeModule module)
   at System.Reflection.RuntimeAssembly.get_DefinedTypes()
   at Orleans.Runtime.TypeUtils.GetDefinedTypes(Assembly assembly, Logger logger)
Exc level 1: System.IO.FileNotFoundException: Could not load file or assembly 'Microsoft.Data.Services.Client, Version=5.8.3.0, Culture=neutral, PublicKeyToken=31bf3856ad364e35' or one of its dependencies. The system cannot find the file specified.
Exc level 2: System.IO.FileNotFoundException: Could not load file or assembly 'Microsoft.Data.Services.Client, Version=5.8.1.0, Culture=neutral, PublicKeyToken=31bf3856ad364e35' or one of its dependencies. The system cannot find the file specified.
Exc level 1: System.IO.FileNotFoundException: Could not load file or assembly 'Microsoft.Data.OData, Version=5.8.3.0, Culture=neutral, PublicKeyToken=31bf3856ad364e35' or one of its dependencies. The system cannot find the file specified.
Exc level 2: System.IO.FileNotFoundException: Could not load file or assembly 'Microsoft.Data.OData, Version=5.8.1.0, Culture=neutral, PublicKeyToken=31bf3856ad364e35' or one of its dependencies. The system cannot find the file specified.
Exc level 1: System.IO.FileNotFoundException: Could not load file or assembly 'Microsoft.Data.OData, Version=5.8.3.0, Culture=neutral, PublicKeyToken=31bf3856ad364e35' or one of its dependencies. The system cannot find the file specified.
Exc level 2: System.IO.FileNotFoundException: Could not load file or assembly 'Microsoft.Data.OData, Version=5.8.1.0, Culture=neutral, PublicKeyToken=31bf3856ad364e35' or one of its dependencies. The system cannot find the file specified.
Exc level 1: System.IO.FileNotFoundException: Could not load file or assembly 'Microsoft.Data.OData, Version=5.8.3.0, Culture=neutral, PublicKeyToken=31bf3856ad364e35' or one of its dependencies. The system cannot find the file specified.
Exc level 2: System.IO.FileNotFoundException: Could not load file or assembly 'Microsoft.Data.OData, Version=5.8.1.0, Culture=neutral, PublicKeyToken=31bf3856ad364e35' or one of its dependencies. The system cannot find the file specified.
Exc level 1: System.IO.FileNotFoundException: Could not load file or assembly 'Microsoft.Data.Edm, Version=5.8.3.0, Culture=neutral, PublicKeyToken=31bf3856ad364e35' or one of its dependencies. The system cannot find the file specified.
Exc level 2: System.IO.FileNotFoundException: Could not load file or assembly 'Microsoft.Data.Edm, Version=5.8.1.0, Culture=neutral, PublicKeyToken=31bf3856ad364e35' or one of its dependencies. The system cannot find the file specified.
Exc level 1: System.IO.FileNotFoundException: Could not load file or assembly 'Microsoft.Data.Edm, Version=5.8.3.0, Culture=neutral, PublicKeyToken=31bf3856ad364e35' or one of its dependencies. The system cannot find the file specified.
Exc level 2: System.IO.FileNotFoundException: Could not load file or assembly 'Microsoft.Data.Edm, Version=5.8.1.0, Culture=neutral, PublicKeyToken=31bf3856ad364e35' or one of its dependencies. The system cannot find the file specified.
Exc level 1: System.IO.FileNotFoundException: Could not load file or assembly 'Microsoft.Data.OData, Version=5.8.3.0, Culture=neutral, PublicKeyToken=31bf3856ad364e35' or one of its dependencies. The system cannot find the file specified.
Exc level 2: System.IO.FileNotFoundException: Could not load file or assembly 'Microsoft.Data.OData, Version=5.8.1.0, Culture=neutral, PublicKeyToken=31bf3856ad364e35' or one of its dependencies. The system cannot find the file specified.
Exc level 1: System.IO.FileNotFoundException: Could not load file or assembly 'Microsoft.Azure.KeyVault.Core, Version=2.0.0.0, Culture=neutral, PublicKeyToken=31bf3856ad364e35' or one of its dependencies. The system cannot find the file specified.
Exc level 2: System.IO.FileNotFoundException: Could not load file or assembly 'Microsoft.Azure.KeyVault.Core, Version=1.0.0.0, Culture=neutral, PublicKeyToken=31bf3856ad364e35' or one of its dependencies. The system cannot find the file specified.
Exc level 1: System.IO.FileNotFoundException: Could not load file or assembly 'Microsoft.Azure.KeyVault.Core, Version=2.0.0.0, Culture=neutral, PublicKeyToken=31bf3856ad364e35' or one of its dependencies. The system cannot find the file specified.
Exc level 2: System.IO.FileNotFoundException: Could not load file or assembly 'Microsoft.Azure.KeyVault.Core, Version=1.0.0.0, Culture=neutral, PublicKeyToken=31bf3856ad364e35' or one of its dependencies. The system cannot find the file specified.
Exc level 1: System.IO.FileNotFoundException: Could not load file or assembly 'Microsoft.Data.Services.Client, Version=5.8.3.0, Culture=neutral, PublicKeyToken=31bf3856ad364e35' or one of its dependencies. The system cannot find the file specified.
Exc level 2: System.IO.FileNotFoundException: Could not load file or assembly 'Microsoft.Data.Services.Client, Version=5.8.1.0, Culture=neutral, PublicKeyToken=31bf3856ad364e35' or one of its dependencies. The system cannot find the file specified.
Exc level 1: System.IO.FileNotFoundException: Could not load file or assembly 'Microsoft.Data.OData, Version=5.8.3.0, Culture=neutral, PublicKeyToken=31bf3856ad364e35' or one of its dependencies. The system cannot find the file specified.
Exc level 2: System.IO.FileNotFoundException: Could not load file or assembly 'Microsoft.Data.OData, Version=5.8.1.0, Culture=neutral, PublicKeyToken=31bf3856ad364e35' or one of its dependencies. The system cannot find the file specified.
[2017-10-27 16:43:54.775 GMT    10	ERROR  	102401	AssemblyProcessor	172.19.176.1:0]	!!!!!!!!!! Failed to load type Microsoft.WindowsAzure.Storage.Table.DataServices.TableServiceEntity in assembly Microsoft.WindowsAzure.Storage, Version=8.5.0.0, Culture=neutral, PublicKeyToken=31bf3856ad364e35.	
Exc level 0: System.IO.FileNotFoundException: Could not load file or assembly 'Microsoft.Data.Services.Client, Version=5.8.3.0, Culture=neutral, PublicKeyToken=31bf3856ad364e35' or one of its dependencies. The system cannot find the file specified.
   at System.ModuleHandle.ResolveType(RuntimeModule module, Int32 typeToken, IntPtr* typeInstArgs, Int32 typeInstCount, IntPtr* methodInstArgs, Int32 methodInstCount, ObjectHandleOnStack type)
   at System.ModuleHandle.ResolveTypeHandleInternal(RuntimeModule module, Int32 typeToken, RuntimeTypeHandle[] typeInstantiationContext, RuntimeTypeHandle[] methodInstantiationContext)
   at System.Reflection.RuntimeModule.ResolveType(Int32 metadataToken, Type[] genericTypeArguments, Type[] genericMethodArguments)
   at System.Reflection.CustomAttribute.FilterCustomAttributeRecord(CustomAttributeRecord caRecord, MetadataImport scope, Assembly& lastAptcaOkAssembly, RuntimeModule decoratedModule, MetadataToken decoratedToken, RuntimeType attributeFilterType, Boolean mustBeInheritable, Object[] attributes, IList derivedAttributes, RuntimeType& attributeType, IRuntimeMethodInfo& ctor, Boolean& ctorHasParameters, Boolean& isVarArg)
   at System.Reflection.CustomAttribute.GetCustomAttributes(RuntimeModule decoratedModule, Int32 decoratedMetadataToken, Int32 pcaCount, RuntimeType attributeFilterType, Boolean mustBeInheritable, IList derivedAttributes, Boolean isDecoratedTargetSecurityTransparent)
   at System.Reflection.CustomAttribute.GetCustomAttributes(RuntimeType type, RuntimeType caType, Boolean inherit)
   at System.RuntimeType.GetCustomAttributes(Type attributeType, Boolean inherit)
   at System.Attribute.GetCustomAttributes(MemberInfo element, Type type, Boolean inherit)
   at System.Reflection.CustomAttributeExtensions.GetCustomAttributes[T](MemberInfo element)
   at Orleans.Serialization.SerializationManager.FindSerializationInfo(Type type)
   at Orleans.Runtime.AssemblyProcessor.ProcessAssembly(Assembly assembly)
Exc level 1: System.IO.FileNotFoundException: Could not load file or assembly 'Microsoft.Data.Services.Client, Version=5.8.1.0, Culture=neutral, PublicKeyToken=31bf3856ad364e35' or one of its dependencies. The system cannot find the file specified.
[2017-10-27 16:43:54.845 GMT    10	ERROR  	102401	AssemblyProcessor	172.19.176.1:0]	!!!!!!!!!! Failed to load type Microsoft.WindowsAzure.Storage.Table.TableServiceTable in assembly Microsoft.WindowsAzure.Storage, Version=8.5.0.0, Culture=neutral, PublicKeyToken=31bf3856ad364e35.	
Exc level 0: System.IO.FileNotFoundException: Could not load file or assembly 'Microsoft.Data.Services.Client, Version=5.8.3.0, Culture=neutral, PublicKeyToken=31bf3856ad364e35' or one of its dependencies. The system cannot find the file specified.
   at System.ModuleHandle.ResolveType(RuntimeModule module, Int32 typeToken, IntPtr* typeInstArgs, Int32 typeInstCount, IntPtr* methodInstArgs, Int32 methodInstCount, ObjectHandleOnStack type)
   at System.ModuleHandle.ResolveTypeHandleInternal(RuntimeModule module, Int32 typeToken, RuntimeTypeHandle[] typeInstantiationContext, RuntimeTypeHandle[] methodInstantiationContext)
   at System.Reflection.RuntimeModule.ResolveType(Int32 metadataToken, Type[] genericTypeArguments, Type[] genericMethodArguments)
   at System.Reflection.CustomAttribute.FilterCustomAttributeRecord(CustomAttributeRecord caRecord, MetadataImport scope, Assembly& lastAptcaOkAssembly, RuntimeModule decoratedModule, MetadataToken decoratedToken, RuntimeType attributeFilterType, Boolean mustBeInheritable, Object[] attributes, IList derivedAttributes, RuntimeType& attributeType, IRuntimeMethodInfo& ctor, Boolean& ctorHasParameters, Boolean& isVarArg)
   at System.Reflection.CustomAttribute.GetCustomAttributes(RuntimeModule decoratedModule, Int32 decoratedMetadataToken, Int32 pcaCount, RuntimeType attributeFilterType, Boolean mustBeInheritable, IList derivedAttributes, Boolean isDecoratedTargetSecurityTransparent)
   at System.Reflection.CustomAttribute.GetCustomAttributes(RuntimeType type, RuntimeType caType, Boolean inherit)
   at System.RuntimeType.GetCustomAttributes(Type attributeType, Boolean inherit)
   at System.Attribute.GetCustomAttributes(MemberInfo element, Type type, Boolean inherit)
   at System.Reflection.CustomAttributeExtensions.GetCustomAttributes[T](MemberInfo element)
   at Orleans.Serialization.SerializationManager.FindSerializationInfo(Type type)
   at Orleans.Runtime.AssemblyProcessor.ProcessAssembly(Assembly assembly)
Exc level 1: System.IO.FileNotFoundException: Could not load file or assembly 'Microsoft.Data.Services.Client, Version=5.8.1.0, Culture=neutral, PublicKeyToken=31bf3856ad364e35' or one of its dependencies. The system cannot find the file specified.
[2017-10-27 16:44:07.693 GMT     2	WARNING	100931	OutsideRuntimeClient	172.19.176.1:0]	Current AppDomain=<AppDomain.Id=9, AppDomain.FriendlyName=TestSourceHost: Enumering assembly> is unloading.	
[2017-10-27 16:44:07.732 GMT     6	INFO   	100312	Messaging.GatewayConnection/GatewayClientSender_gwy.tcp://127.0.0.1:40000/0	172.19.176.1:0]	Stop request processed	
[2017-10-27 16:44:07.750 GMT    15	INFO   	100328	Messaging.GatewayClientReceiver/gwy.tcp://127.0.0.1:40000/0	172.19.176.1:0]	Stopping AsyncAgent Messaging.GatewayClientReceiver/gwy.tcp://127.0.0.1:40000/0 that runs on managed thread 15	
[2017-10-27 16:44:07.797 GMT     8	ERROR  	100326	OutsideRuntimeClient	172.19.176.1:0]	!!!!!!!!!! RunClientMessagePump has thrown exception	
Exc level 0: System.Threading.ThreadAbortException: Thread was being aborted.
   at Orleans.Messaging.ProxiedMessageCenter.WaitMessage(Categories type, CancellationToken ct)
   at Orleans.OutsideRuntimeClient.RunClientMessagePump(CancellationToken ct)
   at Orleans.OutsideRuntimeClient.<>c__DisplayClass65_0.<StartInternal>b__0()
[2017-10-27 16:44:07.868 GMT     6	INFO   	100328	Messaging.GatewayConnection/GatewayClientSender_gwy.tcp://127.0.0.1:40000/0	172.19.176.1:0]	Stopping AsyncAgent Messaging.GatewayConnection/GatewayClientSender_gwy.tcp://127.0.0.1:40000/0 that runs on managed thread 6	
