[2017-10-27 17:46:18.513 GMT    10	INFO   	100000	AssemblyLoader.Client	]	Recursively searching for assemblies in C:\_git\core\Tests\OrleansClientTest\OrleansClientTest\PiraeusUnitTest\bin\Debug...	
[2017-10-27 17:46:18.648 GMT    10	INFO   	100000	AssemblyLoader.Client	]	User assembly ignored: C:\_git\core\Tests\OrleansClientTest\OrleansClientTest\PiraeusUnitTest\bin\Debug\Capl.dll
	* Assembly contains no types assignable from Orleans.Providers.IProvider.	
[2017-10-27 17:46:18.966 GMT    10	INFO   	100000	AssemblyLoader.Client	]	User assembly ignored: C:\_git\core\Tests\OrleansClientTest\OrleansClientTest\PiraeusUnitTest\bin\Debug\Microsoft.CodeAnalysis.CSharp.dll
	* Assembly contains no types assignable from Orleans.Providers.IProvider.	
[2017-10-27 17:46:19.132 GMT    10	INFO   	100000	AssemblyLoader.Client	]	User assembly ignored: C:\_git\core\Tests\OrleansClientTest\OrleansClientTest\PiraeusUnitTest\bin\Debug\Microsoft.CodeAnalysis.dll
	* Assembly contains no types assignable from Orleans.Providers.IProvider.	
[2017-10-27 17:46:19.135 GMT    10	INFO   	100000	AssemblyLoader.Client	]	User assembly ignored: C:\_git\core\Tests\OrleansClientTest\OrleansClientTest\PiraeusUnitTest\bin\Debug\Microsoft.Extensions.DependencyInjection.Abstractions.dll
	* Assembly contains no types assignable from Orleans.Providers.IProvider.	
[2017-10-27 17:46:19.146 GMT    10	INFO   	100000	AssemblyLoader.Client	]	User assembly ignored: C:\_git\core\Tests\OrleansClientTest\OrleansClientTest\PiraeusUnitTest\bin\Debug\Microsoft.Extensions.DependencyInjection.dll
	* Assembly contains no types assignable from Orleans.Providers.IProvider.	
[2017-10-27 17:46:19.156 GMT    10	INFO   	100000	AssemblyLoader.Client	]	User assembly ignored: C:\_git\core\Tests\OrleansClientTest\OrleansClientTest\PiraeusUnitTest\bin\Debug\Microsoft.VisualStudio.TestPlatform.MSTest.TestAdapter.dll
	* Assembly contains no types assignable from Orleans.Providers.IProvider.	
[2017-10-27 17:46:19.171 GMT    10	INFO   	100000	AssemblyLoader.Client	]	User assembly ignored: C:\_git\core\Tests\OrleansClientTest\OrleansClientTest\PiraeusUnitTest\bin\Debug\Microsoft.VisualStudio.TestPlatform.MSTestAdapter.PlatformServices.dll
	* Assembly contains no types assignable from Orleans.Providers.IProvider.	
[2017-10-27 17:46:19.173 GMT    10	INFO   	100000	AssemblyLoader.Client	]	User assembly ignored: C:\_git\core\Tests\OrleansClientTest\OrleansClientTest\PiraeusUnitTest\bin\Debug\Microsoft.VisualStudio.TestPlatform.MSTestAdapter.PlatformServices.Interface.dll
	* Assembly contains no types assignable from Orleans.Providers.IProvider.	
[2017-10-27 17:46:19.178 GMT    10	INFO   	100000	AssemblyLoader.Client	]	User assembly ignored: C:\_git\core\Tests\OrleansClientTest\OrleansClientTest\PiraeusUnitTest\bin\Debug\Microsoft.VisualStudio.TestPlatform.TestFramework.dll
	* Assembly contains no types assignable from Orleans.Providers.IProvider.	
[2017-10-27 17:46:19.180 GMT    10	INFO   	100000	AssemblyLoader.Client	]	User assembly ignored: C:\_git\core\Tests\OrleansClientTest\OrleansClientTest\PiraeusUnitTest\bin\Debug\Microsoft.VisualStudio.TestPlatform.TestFramework.Extensions.dll
	* Assembly contains no types assignable from Orleans.Providers.IProvider.	
[2017-10-27 17:46:19.181 GMT    10	INFO   	100000	AssemblyLoader.Client	]	User assembly ignored: C:\_git\core\Tests\OrleansClientTest\OrleansClientTest\PiraeusUnitTest\bin\Debug\Microsoft.Win32.Primitives.dll
	* Assembly contains no types assignable from Orleans.Providers.IProvider.	
[2017-10-27 17:46:19.715 GMT    10	INFO   	100000	AssemblyLoader.Client	]	User assembly ignored: C:\_git\core\Tests\OrleansClientTest\OrleansClientTest\PiraeusUnitTest\bin\Debug\Microsoft.WindowsAzure.Storage.dll
	* Assembly contains no types assignable from Orleans.Providers.IProvider.	
[2017-10-27 17:46:19.749 GMT    10	INFO   	100000	AssemblyLoader.Client	]	User assembly ignored: C:\_git\core\Tests\OrleansClientTest\OrleansClientTest\PiraeusUnitTest\bin\Debug\Newtonsoft.Json.dll
	* Assembly contains no types assignable from Orleans.Providers.IProvider.	
[2017-10-27 17:46:19.750 GMT    10	INFO   	100000	AssemblyLoader.Client	]	User assembly ignored: C:\_git\core\Tests\OrleansClientTest\OrleansClientTest\PiraeusUnitTest\bin\Debug\Orleans.dll
	* Assembly filename is excluded.	
[2017-10-27 17:46:19.753 GMT    10	INFO   	100000	AssemblyLoader.Client	]	User assembly ignored: C:\_git\core\Tests\OrleansClientTest\OrleansClientTest\PiraeusUnitTest\bin\Debug\OrleansCodeGenerator.dll
	* Assembly contains no types assignable from Orleans.Providers.IProvider.	
[2017-10-27 17:46:19.764 GMT    10	INFO   	100000	AssemblyLoader.Client	]	User assembly ignored: C:\_git\core\Tests\OrleansClientTest\OrleansClientTest\PiraeusUnitTest\bin\Debug\Piraeus.Core.dll
	* Assembly contains no types assignable from Orleans.Providers.IProvider.	
[2017-10-27 17:46:19.767 GMT    10	INFO   	100000	AssemblyLoader.Client	]	User assembly ignored: C:\_git\core\Tests\OrleansClientTest\OrleansClientTest\PiraeusUnitTest\bin\Debug\Piraeus.GrainInterfaces.dll
	* Assembly contains no types assignable from Orleans.Providers.IProvider.	
[2017-10-27 17:46:19.776 GMT    10	INFO   	100000	AssemblyLoader.Client	]	User assembly ignored: C:\_git\core\Tests\OrleansClientTest\OrleansClientTest\PiraeusUnitTest\bin\Debug\Piraeus.Grains.dll
	* Assembly contains no types assignable from Orleans.Providers.IProvider.	
[2017-10-27 17:46:19.778 GMT    10	INFO   	100000	AssemblyLoader.Client	]	User assembly ignored: C:\_git\core\Tests\OrleansClientTest\OrleansClientTest\PiraeusUnitTest\bin\Debug\PiraeusUnitTest.dll
	* Assembly contains no types assignable from Orleans.Providers.IProvider.	
[2017-10-27 17:46:19.799 GMT    10	INFO   	100000	AssemblyLoader.Client	]	User assembly ignored: C:\_git\core\Tests\OrleansClientTest\OrleansClientTest\PiraeusUnitTest\bin\Debug\StackExchange.Redis.dll
	* Assembly contains no types assignable from Orleans.Providers.IProvider.	
[2017-10-27 17:46:19.801 GMT    10	INFO   	100000	AssemblyLoader.Client	]	User assembly ignored: C:\_git\core\Tests\OrleansClientTest\OrleansClientTest\PiraeusUnitTest\bin\Debug\System.AppContext.dll
	* Assembly contains no types assignable from Orleans.Providers.IProvider.	
[2017-10-27 17:46:19.820 GMT    10	INFO   	100000	AssemblyLoader.Client	]	User assembly ignored: C:\_git\core\Tests\OrleansClientTest\OrleansClientTest\PiraeusUnitTest\bin\Debug\System.Collections.Immutable.dll
	* Assembly contains no types assignable from Orleans.Providers.IProvider.	
[2017-10-27 17:46:19.821 GMT    10	INFO   	100000	AssemblyLoader.Client	]	User assembly ignored: C:\_git\core\Tests\OrleansClientTest\OrleansClientTest\PiraeusUnitTest\bin\Debug\System.Console.dll
	* Assembly contains no types assignable from Orleans.Providers.IProvider.	
[2017-10-27 17:46:19.828 GMT    10	INFO   	100000	AssemblyLoader.Client	]	User assembly ignored: C:\_git\core\Tests\OrleansClientTest\OrleansClientTest\PiraeusUnitTest\bin\Debug\System.Diagnostics.DiagnosticSource.dll
	* Assembly contains no types assignable from Orleans.Providers.IProvider.	
[2017-10-27 17:46:19.830 GMT    10	INFO   	100000	AssemblyLoader.Client	]	User assembly ignored: C:\_git\core\Tests\OrleansClientTest\OrleansClientTest\PiraeusUnitTest\bin\Debug\System.Diagnostics.FileVersionInfo.dll
	* Assembly contains no types assignable from Orleans.Providers.IProvider.	
[2017-10-27 17:46:19.831 GMT    10	INFO   	100000	AssemblyLoader.Client	]	User assembly ignored: C:\_git\core\Tests\OrleansClientTest\OrleansClientTest\PiraeusUnitTest\bin\Debug\System.Diagnostics.StackTrace.dll
	* Assembly contains no types assignable from Orleans.Providers.IProvider.	
[2017-10-27 17:46:19.833 GMT    10	INFO   	100000	AssemblyLoader.Client	]	User assembly ignored: C:\_git\core\Tests\OrleansClientTest\OrleansClientTest\PiraeusUnitTest\bin\Debug\System.Globalization.Calendars.dll
	* Assembly contains no types assignable from Orleans.Providers.IProvider.	
[2017-10-27 17:46:19.836 GMT    10	INFO   	100000	AssemblyLoader.Client	]	User assembly ignored: C:\_git\core\Tests\OrleansClientTest\OrleansClientTest\PiraeusUnitTest\bin\Debug\System.IO.Compression.dll
	* Assembly contains no types assignable from Orleans.Providers.IProvider.	
[2017-10-27 17:46:19.837 GMT    10	INFO   	100000	AssemblyLoader.Client	]	User assembly ignored: C:\_git\core\Tests\OrleansClientTest\OrleansClientTest\PiraeusUnitTest\bin\Debug\System.IO.Compression.ZipFile.dll
	* Assembly contains no types assignable from Orleans.Providers.IProvider.	
[2017-10-27 17:46:19.839 GMT    10	INFO   	100000	AssemblyLoader.Client	]	User assembly ignored: C:\_git\core\Tests\OrleansClientTest\OrleansClientTest\PiraeusUnitTest\bin\Debug\System.IO.FileSystem.dll
	* Assembly contains no types assignable from Orleans.Providers.IProvider.	
[2017-10-27 17:46:19.840 GMT    10	INFO   	100000	AssemblyLoader.Client	]	User assembly ignored: C:\_git\core\Tests\OrleansClientTest\OrleansClientTest\PiraeusUnitTest\bin\Debug\System.IO.FileSystem.Primitives.dll
	* Assembly contains no types assignable from Orleans.Providers.IProvider.	
[2017-10-27 17:46:19.851 GMT    10	INFO   	100000	AssemblyLoader.Client	]	User assembly ignored: C:\_git\core\Tests\OrleansClientTest\OrleansClientTest\PiraeusUnitTest\bin\Debug\System.Net.Http.dll
	* Assembly contains no types assignable from Orleans.Providers.IProvider.	
[2017-10-27 17:46:19.862 GMT    10	INFO   	100000	AssemblyLoader.Client	]	User assembly ignored: C:\_git\core\Tests\OrleansClientTest\OrleansClientTest\PiraeusUnitTest\bin\Debug\System.Net.Http.Formatting.dll
	* Assembly contains no types assignable from Orleans.Providers.IProvider.	
[2017-10-27 17:46:19.865 GMT    10	INFO   	100000	AssemblyLoader.Client	]	User assembly ignored: C:\_git\core\Tests\OrleansClientTest\OrleansClientTest\PiraeusUnitTest\bin\Debug\System.Net.Sockets.dll
	* Assembly contains no types assignable from Orleans.Providers.IProvider.	
[2017-10-27 17:46:19.900 GMT    10	INFO   	100000	AssemblyLoader.Client	]	User assembly ignored: C:\_git\core\Tests\OrleansClientTest\OrleansClientTest\PiraeusUnitTest\bin\Debug\System.Reflection.Metadata.dll
	* Assembly contains no types assignable from Orleans.Providers.IProvider.	
[2017-10-27 17:46:19.903 GMT    10	INFO   	100000	AssemblyLoader.Client	]	User assembly ignored: C:\_git\core\Tests\OrleansClientTest\OrleansClientTest\PiraeusUnitTest\bin\Debug\System.Runtime.InteropServices.RuntimeInformation.dll
	* Assembly contains no types assignable from Orleans.Providers.IProvider.	
[2017-10-27 17:46:19.904 GMT    10	INFO   	100000	AssemblyLoader.Client	]	User assembly ignored: C:\_git\core\Tests\OrleansClientTest\OrleansClientTest\PiraeusUnitTest\bin\Debug\System.Security.Cryptography.Algorithms.dll
	* Assembly contains no types assignable from Orleans.Providers.IProvider.	
[2017-10-27 17:46:19.906 GMT    10	INFO   	100000	AssemblyLoader.Client	]	User assembly ignored: C:\_git\core\Tests\OrleansClientTest\OrleansClientTest\PiraeusUnitTest\bin\Debug\System.Security.Cryptography.Encoding.dll
	* Assembly contains no types assignable from Orleans.Providers.IProvider.	
[2017-10-27 17:46:19.908 GMT    10	INFO   	100000	AssemblyLoader.Client	]	User assembly ignored: C:\_git\core\Tests\OrleansClientTest\OrleansClientTest\PiraeusUnitTest\bin\Debug\System.Security.Cryptography.Primitives.dll
	* Assembly contains no types assignable from Orleans.Providers.IProvider.	
[2017-10-27 17:46:19.913 GMT    10	INFO   	100000	AssemblyLoader.Client	]	User assembly ignored: C:\_git\core\Tests\OrleansClientTest\OrleansClientTest\PiraeusUnitTest\bin\Debug\System.Security.Cryptography.X509Certificates.dll
	* Assembly contains no types assignable from Orleans.Providers.IProvider.	
[2017-10-27 17:46:19.917 GMT    10	INFO   	100000	AssemblyLoader.Client	]	User assembly ignored: C:\_git\core\Tests\OrleansClientTest\OrleansClientTest\PiraeusUnitTest\bin\Debug\System.Text.Encoding.CodePages.dll
	* Assembly contains no types assignable from Orleans.Providers.IProvider.	
[2017-10-27 17:46:19.918 GMT    10	INFO   	100000	AssemblyLoader.Client	]	User assembly ignored: C:\_git\core\Tests\OrleansClientTest\OrleansClientTest\PiraeusUnitTest\bin\Debug\System.Threading.Thread.dll
	* Assembly contains no types assignable from Orleans.Providers.IProvider.	
[2017-10-27 17:46:19.923 GMT    10	INFO   	100000	AssemblyLoader.Client	]	User assembly ignored: C:\_git\core\Tests\OrleansClientTest\OrleansClientTest\PiraeusUnitTest\bin\Debug\System.ValueTuple.dll
	* Assembly contains no types assignable from Orleans.Providers.IProvider.	
[2017-10-27 17:46:19.954 GMT    10	INFO   	100000	AssemblyLoader.Client	]	User assembly ignored: C:\_git\core\Tests\OrleansClientTest\OrleansClientTest\PiraeusUnitTest\bin\Debug\System.Web.Http.dll
	* Assembly contains no types assignable from Orleans.Providers.IProvider.	
[2017-10-27 17:46:19.956 GMT    10	INFO   	100000	AssemblyLoader.Client	]	User assembly ignored: C:\_git\core\Tests\OrleansClientTest\OrleansClientTest\PiraeusUnitTest\bin\Debug\System.Xml.ReaderWriter.dll
	* Assembly contains no types assignable from Orleans.Providers.IProvider.	
[2017-10-27 17:46:19.957 GMT    10	INFO   	100000	AssemblyLoader.Client	]	User assembly ignored: C:\_git\core\Tests\OrleansClientTest\OrleansClientTest\PiraeusUnitTest\bin\Debug\System.Xml.XmlDocument.dll
	* Assembly contains no types assignable from Orleans.Providers.IProvider.	
[2017-10-27 17:46:19.960 GMT    10	INFO   	100000	AssemblyLoader.Client	]	User assembly ignored: C:\_git\core\Tests\OrleansClientTest\OrleansClientTest\PiraeusUnitTest\bin\Debug\System.Xml.XPath.dll
	* Assembly contains no types assignable from Orleans.Providers.IProvider.	
[2017-10-27 17:46:19.962 GMT    10	INFO   	100000	AssemblyLoader.Client	]	User assembly ignored: C:\_git\core\Tests\OrleansClientTest\OrleansClientTest\PiraeusUnitTest\bin\Debug\System.Xml.XPath.XDocument.dll
	* Assembly contains no types assignable from Orleans.Providers.IProvider.	
[2017-10-27 17:46:19.963 GMT    10	INFO   	100000	AssemblyLoader.Client	]	Loading assembly C:\_git\core\Tests\OrleansClientTest\OrleansClientTest\PiraeusUnitTest\bin\Debug\OrleansProviders.dll...	
[2017-10-27 17:46:19.996 GMT    10	INFO   	100000	AssemblyLoader.Client	]	1 assemblies loaded.	
[2017-10-27 17:46:20.074 GMT    10	INFO   	100313	OutsideRuntimeClient	]	---------- Initializing OutsideRuntimeClient on MININT-2T87D76 at 172.19.176.1 Client Id = *cli/2dad55bc ----------	
[2017-10-27 17:46:20.097 GMT    10	INFO   	100314	OutsideRuntimeClient	]	---------- Starting OutsideRuntimeClient with runtime Version='1.5.2.0 (Release).' in AppDomain=<AppDomain.Id=3, AppDomain.FriendlyName=TestSourceHost: Enumering assembly> Config= 
 Platform version info:
   Orleans version: 1.5.2.0 (Release).
   .NET version: 4.0.30319.42000
   OS version: Microsoft Windows NT 10.0.14393.0
   App config file: C:\_git\core\Tests\OrleansClientTest\OrleansClientTest\PiraeusUnitTest\bin\Debug\PiraeusUnitTest.dll.config
   GC Type=Client GCLatencyMode=Interactive
   Host: MININT-2T87D76
   Processor Count: 4
Client Configuration:
   Config File Name: 
   Start time: 2017-10-27 17:46:20.089 GMT
   Gateway Provider: Config
   Gateways[1]:
      127.0.0.1:40000
   Preferred Gateway Index: -1
   GatewayListRefreshPeriod: 00:01:00
   Preferred Address Family: InterNetwork
   DNS Host Name: MININT-2T87D76
   Client Name: Client
   Tracing: 
     Default Trace Level: Info
     TraceLevelOverrides: None
     Trace to Console: True
     Trace File Name: C:\_git\core\Tests\OrleansClientTest\OrleansClientTest\PiraeusUnitTest\bin\Debug\Client-2017-10-27-17.46.10.711Z.log
     LargeMessageWarningThreshold: 85000
     PropagateActivityId: False
     BulkMessageLimit: 5
   Statistics: 
     MetricsTableWriteInterval: 00:00:30
     PerfCounterWriteInterval: -00:00:00.0010000
     LogWriteInterval: 00:05:00
     WriteLogStatisticsToTable: True
     StatisticsCollectionLevel: Info
   Messaging:
       Response timeout: 00:30:00
       Maximum resend count: 0
       Resend On Timeout: False
       Maximum Socket Age: 10675199.02:48:05.4775807
       Drop Expired Messages: True
       Client Sender Buckets: 8192
       Buffer Pool Buffer Size: 4096
       Buffer Pool Max Size: 10000
       Buffer Pool Preallocation Size: 250
       Fallback serializer: 
   .NET: 
       .NET thread pool sizes - Min: Worker Threads=4 Completion Port Threads=4
       .NET thread pool sizes - Max: Worker Threads=1023 Completion Port Threads=1000
   Providers:
       No providers configured.
	
[2017-10-27 17:46:20.209 GMT     8	INFO   	101309	Messaging.GatewayManager	]	Found 1 knownGateways from Gateway listProvider [gwy.tcp://127.0.0.1:40000/0]	
[2017-10-27 17:46:20.296 GMT     8	INFO   	100908	Messaging.GatewayConnection/GatewayClientSender_gwy.tcp://127.0.0.1:40000/0	172.19.176.1:0]	Connected to gateway at address gwy.tcp://127.0.0.1:40000/0 on trial 0.	
[2017-10-27 17:46:20.319 GMT     6	INFO   	100000	Messaging.GatewayConnection/GatewayClientSender_gwy.tcp://127.0.0.1:40000/0	172.19.176.1:0]	Starting AsyncAgent Messaging.GatewayConnection/GatewayClientSender_gwy.tcp://127.0.0.1:40000/0 on managed thread 6	
[2017-10-27 17:46:20.319 GMT    14	INFO   	100000	Messaging.GatewayClientReceiver/gwy.tcp://127.0.0.1:40000/0	172.19.176.1:0]	Starting AsyncAgent Messaging.GatewayClientReceiver/gwy.tcp://127.0.0.1:40000/0 on managed thread 14	
[2017-10-27 17:46:20.559 GMT     7	INFO   	100929	OutsideRuntimeClient	172.19.176.1:0]	---------- Started OutsideRuntimeClient with Global Client ID: C172.19.176.1:0:-246822380*cli/2dad55bc@46765080, client GUID ID: *cli/2dad55bc	
[2017-10-27 17:46:22.958 GMT    10	WARNING	101723	AssemblyProcessor	172.19.176.1:0]	Exception loading types from assembly 'Microsoft.WindowsAzure.Storage, Version=8.5.0.0, Culture=neutral, PublicKeyToken=31bf3856ad364e35': 
Exc level 0: System.Reflection.ReflectionTypeLoadException: Unable to load one or more of the requested types. Retrieve the LoaderExceptions property for more information.
   at System.Reflection.RuntimeModule.GetTypes(RuntimeModule module)
   at System.Reflection.RuntimeAssembly.get_DefinedTypes()
   at Orleans.Runtime.TypeUtils.GetDefinedTypes(Assembly assembly, Logger logger)
Exc level 1: System.IO.FileNotFoundException: Could not load file or assembly 'Microsoft.Data.Services.Client, Version=5.8.3.0, Culture=neutral, PublicKeyToken=31bf3856ad364e35' or one of its dependencies. The system cannot find the file specified.
Exc level 2: System.IO.FileNotFoundException: Could not load file or assembly 'Microsoft.Data.Services.Client, Version=5.8.1.0, Culture=neutral, PublicKeyToken=31bf3856ad364e35' or one of its dependencies. The system cannot find the file specified.
Exc level 1: System.IO.FileNotFoundException: Could not load file or assembly 'Microsoft.Data.OData, Version=5.8.3.0, Culture=neutral, PublicKeyToken=31bf3856ad364e35' or one of its dependencies. The system cannot find the file specified.
Exc level 2: System.IO.FileNotFoundException: Could not load file or assembly 'Microsoft.Data.OData, Version=5.8.1.0, Culture=neutral, PublicKeyToken=31bf3856ad364e35' or one of its dependencies. The system cannot find the file specified.
Exc level 1: System.IO.FileNotFoundException: Could not load file or assembly 'Microsoft.Data.OData, Version=5.8.3.0, Culture=neutral, PublicKeyToken=31bf3856ad364e35' or one of its dependencies. The system cannot find the file specified.
Exc level 2: System.IO.FileNotFoundException: Could not load file or assembly 'Microsoft.Data.OData, Version=5.8.1.0, Culture=neutral, PublicKeyToken=31bf3856ad364e35' or one of its dependencies. The system cannot find the file specified.
Exc level 1: System.IO.FileNotFoundException: Could not load file or assembly 'Microsoft.Data.OData, Version=5.8.3.0, Culture=neutral, PublicKeyToken=31bf3856ad364e35' or one of its dependencies. The system cannot find the file specified.
Exc level 2: System.IO.FileNotFoundException: Could not load file or assembly 'Microsoft.Data.OData, Version=5.8.1.0, Culture=neutral, PublicKeyToken=31bf3856ad364e35' or one of its dependencies. The system cannot find the file specified.
Exc level 1: System.IO.FileNotFoundException: Could not load file or assembly 'Microsoft.Data.Edm, Version=5.8.3.0, Culture=neutral, PublicKeyToken=31bf3856ad364e35' or one of its dependencies. The system cannot find the file specified.
Exc level 2: System.IO.FileNotFoundException: Could not load file or assembly 'Microsoft.Data.Edm, Version=5.8.1.0, Culture=neutral, PublicKeyToken=31bf3856ad364e35' or one of its dependencies. The system cannot find the file specified.
Exc level 1: System.IO.FileNotFoundException: Could not load file or assembly 'Microsoft.Data.Edm, Version=5.8.3.0, Culture=neutral, PublicKeyToken=31bf3856ad364e35' or one of its dependencies. The system cannot find the file specified.
Exc level 2: System.IO.FileNotFoundException: Could not load file or assembly 'Microsoft.Data.Edm, Version=5.8.1.0, Culture=neutral, PublicKeyToken=31bf3856ad364e35' or one of its dependencies. The system cannot find the file specified.
Exc level 1: System.IO.FileNotFoundException: Could not load file or assembly 'Microsoft.Data.OData, Version=5.8.3.0, Culture=neutral, PublicKeyToken=31bf3856ad364e35' or one of its dependencies. The system cannot find the file specified.
Exc level 2: System.IO.FileNotFoundException: Could not load file or assembly 'Microsoft.Data.OData, Version=5.8.1.0, Culture=neutral, PublicKeyToken=31bf3856ad364e35' or one of its dependencies. The system cannot find the file specified.
Exc level 1: System.IO.FileNotFoundException: Could not load file or assembly 'Microsoft.Azure.KeyVault.Core, Version=2.0.0.0, Culture=neutral, PublicKeyToken=31bf3856ad364e35' or one of its dependencies. The system cannot find the file specified.
Exc level 2: System.IO.FileNotFoundException: Could not load file or assembly 'Microsoft.Azure.KeyVault.Core, Version=1.0.0.0, Culture=neutral, PublicKeyToken=31bf3856ad364e35' or one of its dependencies. The system cannot find the file specified.
Exc level 1: System.IO.FileNotFoundException: Could not load file or assembly 'Microsoft.Azure.KeyVault.Core, Version=2.0.0.0, Culture=neutral, PublicKeyToken=31bf3856ad364e35' or one of its dependencies. The system cannot find the file specified.
Exc level 2: System.IO.FileNotFoundException: Could not load file or assembly 'Microsoft.Azure.KeyVault.Core, Version=1.0.0.0, Culture=neutral, PublicKeyToken=31bf3856ad364e35' or one of its dependencies. The system cannot find the file specified.
Exc level 1: System.IO.FileNotFoundException: Could not load file or assembly 'Microsoft.Data.Services.Client, Version=5.8.3.0, Culture=neutral, PublicKeyToken=31bf3856ad364e35' or one of its dependencies. The system cannot find the file specified.
Exc level 2: System.IO.FileNotFoundException: Could not load file or assembly 'Microsoft.Data.Services.Client, Version=5.8.1.0, Culture=neutral, PublicKeyToken=31bf3856ad364e35' or one of its dependencies. The system cannot find the file specified.
Exc level 1: System.IO.FileNotFoundException: Could not load file or assembly 'Microsoft.Data.OData, Version=5.8.3.0, Culture=neutral, PublicKeyToken=31bf3856ad364e35' or one of its dependencies. The system cannot find the file specified.
Exc level 2: System.IO.FileNotFoundException: Could not load file or assembly 'Microsoft.Data.OData, Version=5.8.1.0, Culture=neutral, PublicKeyToken=31bf3856ad364e35' or one of its dependencies. The system cannot find the file specified..	
Exc level 0: System.Reflection.ReflectionTypeLoadException: Unable to load one or more of the requested types. Retrieve the LoaderExceptions property for more information.
   at System.Reflection.RuntimeModule.GetTypes(RuntimeModule module)
   at System.Reflection.RuntimeAssembly.get_DefinedTypes()
   at Orleans.Runtime.TypeUtils.GetDefinedTypes(Assembly assembly, Logger logger)
Exc level 1: System.IO.FileNotFoundException: Could not load file or assembly 'Microsoft.Data.Services.Client, Version=5.8.3.0, Culture=neutral, PublicKeyToken=31bf3856ad364e35' or one of its dependencies. The system cannot find the file specified.
Exc level 2: System.IO.FileNotFoundException: Could not load file or assembly 'Microsoft.Data.Services.Client, Version=5.8.1.0, Culture=neutral, PublicKeyToken=31bf3856ad364e35' or one of its dependencies. The system cannot find the file specified.
Exc level 1: System.IO.FileNotFoundException: Could not load file or assembly 'Microsoft.Data.OData, Version=5.8.3.0, Culture=neutral, PublicKeyToken=31bf3856ad364e35' or one of its dependencies. The system cannot find the file specified.
Exc level 2: System.IO.FileNotFoundException: Could not load file or assembly 'Microsoft.Data.OData, Version=5.8.1.0, Culture=neutral, PublicKeyToken=31bf3856ad364e35' or one of its dependencies. The system cannot find the file specified.
Exc level 1: System.IO.FileNotFoundException: Could not load file or assembly 'Microsoft.Data.OData, Version=5.8.3.0, Culture=neutral, PublicKeyToken=31bf3856ad364e35' or one of its dependencies. The system cannot find the file specified.
Exc level 2: System.IO.FileNotFoundException: Could not load file or assembly 'Microsoft.Data.OData, Version=5.8.1.0, Culture=neutral, PublicKeyToken=31bf3856ad364e35' or one of its dependencies. The system cannot find the file specified.
Exc level 1: System.IO.FileNotFoundException: Could not load file or assembly 'Microsoft.Data.OData, Version=5.8.3.0, Culture=neutral, PublicKeyToken=31bf3856ad364e35' or one of its dependencies. The system cannot find the file specified.
Exc level 2: System.IO.FileNotFoundException: Could not load file or assembly 'Microsoft.Data.OData, Version=5.8.1.0, Culture=neutral, PublicKeyToken=31bf3856ad364e35' or one of its dependencies. The system cannot find the file specified.
Exc level 1: System.IO.FileNotFoundException: Could not load file or assembly 'Microsoft.Data.Edm, Version=5.8.3.0, Culture=neutral, PublicKeyToken=31bf3856ad364e35' or one of its dependencies. The system cannot find the file specified.
Exc level 2: System.IO.FileNotFoundException: Could not load file or assembly 'Microsoft.Data.Edm, Version=5.8.1.0, Culture=neutral, PublicKeyToken=31bf3856ad364e35' or one of its dependencies. The system cannot find the file specified.
Exc level 1: System.IO.FileNotFoundException: Could not load file or assembly 'Microsoft.Data.Edm, Version=5.8.3.0, Culture=neutral, PublicKeyToken=31bf3856ad364e35' or one of its dependencies. The system cannot find the file specified.
Exc level 2: System.IO.FileNotFoundException: Could not load file or assembly 'Microsoft.Data.Edm, Version=5.8.1.0, Culture=neutral, PublicKeyToken=31bf3856ad364e35' or one of its dependencies. The system cannot find the file specified.
Exc level 1: System.IO.FileNotFoundException: Could not load file or assembly 'Microsoft.Data.OData, Version=5.8.3.0, Culture=neutral, PublicKeyToken=31bf3856ad364e35' or one of its dependencies. The system cannot find the file specified.
Exc level 2: System.IO.FileNotFoundException: Could not load file or assembly 'Microsoft.Data.OData, Version=5.8.1.0, Culture=neutral, PublicKeyToken=31bf3856ad364e35' or one of its dependencies. The system cannot find the file specified.
Exc level 1: System.IO.FileNotFoundException: Could not load file or assembly 'Microsoft.Azure.KeyVault.Core, Version=2.0.0.0, Culture=neutral, PublicKeyToken=31bf3856ad364e35' or one of its dependencies. The system cannot find the file specified.
Exc level 2: System.IO.FileNotFoundException: Could not load file or assembly 'Microsoft.Azure.KeyVault.Core, Version=1.0.0.0, Culture=neutral, PublicKeyToken=31bf3856ad364e35' or one of its dependencies. The system cannot find the file specified.
Exc level 1: System.IO.FileNotFoundException: Could not load file or assembly 'Microsoft.Azure.KeyVault.Core, Version=2.0.0.0, Culture=neutral, PublicKeyToken=31bf3856ad364e35' or one of its dependencies. The system cannot find the file specified.
Exc level 2: System.IO.FileNotFoundException: Could not load file or assembly 'Microsoft.Azure.KeyVault.Core, Version=1.0.0.0, Culture=neutral, PublicKeyToken=31bf3856ad364e35' or one of its dependencies. The system cannot find the file specified.
Exc level 1: System.IO.FileNotFoundException: Could not load file or assembly 'Microsoft.Data.Services.Client, Version=5.8.3.0, Culture=neutral, PublicKeyToken=31bf3856ad364e35' or one of its dependencies. The system cannot find the file specified.
Exc level 2: System.IO.FileNotFoundException: Could not load file or assembly 'Microsoft.Data.Services.Client, Version=5.8.1.0, Culture=neutral, PublicKeyToken=31bf3856ad364e35' or one of its dependencies. The system cannot find the file specified.
Exc level 1: System.IO.FileNotFoundException: Could not load file or assembly 'Microsoft.Data.OData, Version=5.8.3.0, Culture=neutral, PublicKeyToken=31bf3856ad364e35' or one of its dependencies. The system cannot find the file specified.
Exc level 2: System.IO.FileNotFoundException: Could not load file or assembly 'Microsoft.Data.OData, Version=5.8.1.0, Culture=neutral, PublicKeyToken=31bf3856ad364e35' or one of its dependencies. The system cannot find the file specified.
[2017-10-27 17:46:23.004 GMT    10	ERROR  	102401	AssemblyProcessor	172.19.176.1:0]	!!!!!!!!!! Failed to load type Microsoft.WindowsAzure.Storage.Table.DataServices.TableServiceEntity in assembly Microsoft.WindowsAzure.Storage, Version=8.5.0.0, Culture=neutral, PublicKeyToken=31bf3856ad364e35.	
Exc level 0: System.IO.FileNotFoundException: Could not load file or assembly 'Microsoft.Data.Services.Client, Version=5.8.3.0, Culture=neutral, PublicKeyToken=31bf3856ad364e35' or one of its dependencies. The system cannot find the file specified.
   at System.ModuleHandle.ResolveType(RuntimeModule module, Int32 typeToken, IntPtr* typeInstArgs, Int32 typeInstCount, IntPtr* methodInstArgs, Int32 methodInstCount, ObjectHandleOnStack type)
   at System.ModuleHandle.ResolveTypeHandleInternal(RuntimeModule module, Int32 typeToken, RuntimeTypeHandle[] typeInstantiationContext, RuntimeTypeHandle[] methodInstantiationContext)
   at System.Reflection.RuntimeModule.ResolveType(Int32 metadataToken, Type[] genericTypeArguments, Type[] genericMethodArguments)
   at System.Reflection.CustomAttribute.FilterCustomAttributeRecord(CustomAttributeRecord caRecord, MetadataImport scope, Assembly& lastAptcaOkAssembly, RuntimeModule decoratedModule, MetadataToken decoratedToken, RuntimeType attributeFilterType, Boolean mustBeInheritable, Object[] attributes, IList derivedAttributes, RuntimeType& attributeType, IRuntimeMethodInfo& ctor, Boolean& ctorHasParameters, Boolean& isVarArg)
   at System.Reflection.CustomAttribute.GetCustomAttributes(RuntimeModule decoratedModule, Int32 decoratedMetadataToken, Int32 pcaCount, RuntimeType attributeFilterType, Boolean mustBeInheritable, IList derivedAttributes, Boolean isDecoratedTargetSecurityTransparent)
   at System.Reflection.CustomAttribute.GetCustomAttributes(RuntimeType type, RuntimeType caType, Boolean inherit)
   at System.RuntimeType.GetCustomAttributes(Type attributeType, Boolean inherit)
   at System.Attribute.GetCustomAttributes(MemberInfo element, Type type, Boolean inherit)
   at System.Reflection.CustomAttributeExtensions.GetCustomAttributes[T](MemberInfo element)
   at Orleans.Serialization.SerializationManager.FindSerializationInfo(Type type)
   at Orleans.Runtime.AssemblyProcessor.ProcessAssembly(Assembly assembly)
Exc level 1: System.IO.FileNotFoundException: Could not load file or assembly 'Microsoft.Data.Services.Client, Version=5.8.1.0, Culture=neutral, PublicKeyToken=31bf3856ad364e35' or one of its dependencies. The system cannot find the file specified.
[2017-10-27 17:46:23.072 GMT    10	ERROR  	102401	AssemblyProcessor	172.19.176.1:0]	!!!!!!!!!! Failed to load type Microsoft.WindowsAzure.Storage.Table.TableServiceTable in assembly Microsoft.WindowsAzure.Storage, Version=8.5.0.0, Culture=neutral, PublicKeyToken=31bf3856ad364e35.	
Exc level 0: System.IO.FileNotFoundException: Could not load file or assembly 'Microsoft.Data.Services.Client, Version=5.8.3.0, Culture=neutral, PublicKeyToken=31bf3856ad364e35' or one of its dependencies. The system cannot find the file specified.
   at System.ModuleHandle.ResolveType(RuntimeModule module, Int32 typeToken, IntPtr* typeInstArgs, Int32 typeInstCount, IntPtr* methodInstArgs, Int32 methodInstCount, ObjectHandleOnStack type)
   at System.ModuleHandle.ResolveTypeHandleInternal(RuntimeModule module, Int32 typeToken, RuntimeTypeHandle[] typeInstantiationContext, RuntimeTypeHandle[] methodInstantiationContext)
   at System.Reflection.RuntimeModule.ResolveType(Int32 metadataToken, Type[] genericTypeArguments, Type[] genericMethodArguments)
   at System.Reflection.CustomAttribute.FilterCustomAttributeRecord(CustomAttributeRecord caRecord, MetadataImport scope, Assembly& lastAptcaOkAssembly, RuntimeModule decoratedModule, MetadataToken decoratedToken, RuntimeType attributeFilterType, Boolean mustBeInheritable, Object[] attributes, IList derivedAttributes, RuntimeType& attributeType, IRuntimeMethodInfo& ctor, Boolean& ctorHasParameters, Boolean& isVarArg)
   at System.Reflection.CustomAttribute.GetCustomAttributes(RuntimeModule decoratedModule, Int32 decoratedMetadataToken, Int32 pcaCount, RuntimeType attributeFilterType, Boolean mustBeInheritable, IList derivedAttributes, Boolean isDecoratedTargetSecurityTransparent)
   at System.Reflection.CustomAttribute.GetCustomAttributes(RuntimeType type, RuntimeType caType, Boolean inherit)
   at System.RuntimeType.GetCustomAttributes(Type attributeType, Boolean inherit)
   at System.Attribute.GetCustomAttributes(MemberInfo element, Type type, Boolean inherit)
   at System.Reflection.CustomAttributeExtensions.GetCustomAttributes[T](MemberInfo element)
   at Orleans.Serialization.SerializationManager.FindSerializationInfo(Type type)
   at Orleans.Runtime.AssemblyProcessor.ProcessAssembly(Assembly assembly)
Exc level 1: System.IO.FileNotFoundException: Could not load file or assembly 'Microsoft.Data.Services.Client, Version=5.8.1.0, Culture=neutral, PublicKeyToken=31bf3856ad364e35' or one of its dependencies. The system cannot find the file specified.
[2017-10-27 17:46:52.015 GMT    14	WARNING	100158	Messaging.GatewayClientReceiver/gwy.tcp://127.0.0.1:40000/0	172.19.176.1:0]	Exception receiving from gateway gwy.tcp://127.0.0.1:40000/0: An existing connection was forcibly closed by the remote host	
[2017-10-27 17:46:52.058 GMT     2	WARNING	100931	OutsideRuntimeClient	172.19.176.1:0]	Current AppDomain=<AppDomain.Id=3, AppDomain.FriendlyName=TestSourceHost: Enumering assembly> is unloading.	
[2017-10-27 17:46:53.202 GMT    14	INFO   	100328	Messaging.GatewayClientReceiver/gwy.tcp://127.0.0.1:40000/0	172.19.176.1:0]	Stopping AsyncAgent Messaging.GatewayClientReceiver/gwy.tcp://127.0.0.1:40000/0 that runs on managed thread 14	
[2017-10-27 17:46:53.619 GMT     6	INFO   	100312	Messaging.GatewayConnection/GatewayClientSender_gwy.tcp://127.0.0.1:40000/0	172.19.176.1:0]	Stop request processed	
[2017-10-27 17:46:53.773 GMT     9	ERROR  	100326	OutsideRuntimeClient	172.19.176.1:0]	!!!!!!!!!! RunClientMessagePump has thrown exception	
Exc level 0: System.Threading.ThreadAbortException: Thread was being aborted.
   at Orleans.Messaging.ProxiedMessageCenter.WaitMessage(Categories type, CancellationToken ct)
   at Orleans.OutsideRuntimeClient.RunClientMessagePump(CancellationToken ct)
   at Orleans.OutsideRuntimeClient.<>c__DisplayClass65_0.<StartInternal>b__0()
[2017-10-27 17:46:53.963 GMT     6	INFO   	100328	Messaging.GatewayConnection/GatewayClientSender_gwy.tcp://127.0.0.1:40000/0	172.19.176.1:0]	Stopping AsyncAgent Messaging.GatewayConnection/GatewayClientSender_gwy.tcp://127.0.0.1:40000/0 that runs on managed thread 6	
