[2017-10-27 17:25:40.402 GMT    11	INFO   	100000	AssemblyLoader.Client	]	Recursively searching for assemblies in C:\_git\core\Tests\OrleansClientTest\OrleansClientTest\PiraeusUnitTest\bin\Debug...	
[2017-10-27 17:25:40.567 GMT    11	INFO   	100000	AssemblyLoader.Client	]	User assembly ignored: C:\_git\core\Tests\OrleansClientTest\OrleansClientTest\PiraeusUnitTest\bin\Debug\Capl.dll
	* Assembly contains no types assignable from Orleans.Providers.IProvider.	
[2017-10-27 17:25:42.256 GMT    11	INFO   	100000	AssemblyLoader.Client	]	User assembly ignored: C:\_git\core\Tests\OrleansClientTest\OrleansClientTest\PiraeusUnitTest\bin\Debug\Microsoft.CodeAnalysis.CSharp.dll
	* Assembly contains no types assignable from Orleans.Providers.IProvider.	
[2017-10-27 17:25:42.609 GMT    11	INFO   	100000	AssemblyLoader.Client	]	User assembly ignored: C:\_git\core\Tests\OrleansClientTest\OrleansClientTest\PiraeusUnitTest\bin\Debug\Microsoft.CodeAnalysis.dll
	* Assembly contains no types assignable from Orleans.Providers.IProvider.	
[2017-10-27 17:25:42.662 GMT    11	INFO   	100000	AssemblyLoader.Client	]	User assembly ignored: C:\_git\core\Tests\OrleansClientTest\OrleansClientTest\PiraeusUnitTest\bin\Debug\Microsoft.Extensions.DependencyInjection.Abstractions.dll
	* Assembly contains no types assignable from Orleans.Providers.IProvider.	
[2017-10-27 17:25:42.699 GMT    11	INFO   	100000	AssemblyLoader.Client	]	User assembly ignored: C:\_git\core\Tests\OrleansClientTest\OrleansClientTest\PiraeusUnitTest\bin\Debug\Microsoft.Extensions.DependencyInjection.dll
	* Assembly contains no types assignable from Orleans.Providers.IProvider.	
[2017-10-27 17:25:42.733 GMT    11	INFO   	100000	AssemblyLoader.Client	]	User assembly ignored: C:\_git\core\Tests\OrleansClientTest\OrleansClientTest\PiraeusUnitTest\bin\Debug\Microsoft.VisualStudio.TestPlatform.MSTest.TestAdapter.dll
	* Assembly contains no types assignable from Orleans.Providers.IProvider.	
[2017-10-27 17:25:42.786 GMT    11	INFO   	100000	AssemblyLoader.Client	]	User assembly ignored: C:\_git\core\Tests\OrleansClientTest\OrleansClientTest\PiraeusUnitTest\bin\Debug\Microsoft.VisualStudio.TestPlatform.MSTestAdapter.PlatformServices.dll
	* Assembly contains no types assignable from Orleans.Providers.IProvider.	
[2017-10-27 17:25:42.819 GMT    11	INFO   	100000	AssemblyLoader.Client	]	User assembly ignored: C:\_git\core\Tests\OrleansClientTest\OrleansClientTest\PiraeusUnitTest\bin\Debug\Microsoft.VisualStudio.TestPlatform.MSTestAdapter.PlatformServices.Interface.dll
	* Assembly contains no types assignable from Orleans.Providers.IProvider.	
[2017-10-27 17:25:42.850 GMT    11	INFO   	100000	AssemblyLoader.Client	]	User assembly ignored: C:\_git\core\Tests\OrleansClientTest\OrleansClientTest\PiraeusUnitTest\bin\Debug\Microsoft.VisualStudio.TestPlatform.TestFramework.dll
	* Assembly contains no types assignable from Orleans.Providers.IProvider.	
[2017-10-27 17:25:42.897 GMT    11	INFO   	100000	AssemblyLoader.Client	]	User assembly ignored: C:\_git\core\Tests\OrleansClientTest\OrleansClientTest\PiraeusUnitTest\bin\Debug\Microsoft.VisualStudio.TestPlatform.TestFramework.Extensions.dll
	* Assembly contains no types assignable from Orleans.Providers.IProvider.	
[2017-10-27 17:25:42.933 GMT    11	INFO   	100000	AssemblyLoader.Client	]	User assembly ignored: C:\_git\core\Tests\OrleansClientTest\OrleansClientTest\PiraeusUnitTest\bin\Debug\Microsoft.Win32.Primitives.dll
	* Assembly contains no types assignable from Orleans.Providers.IProvider.	
[2017-10-27 17:25:43.073 GMT    11	INFO   	100000	AssemblyLoader.Client	]	User assembly ignored: C:\_git\core\Tests\OrleansClientTest\OrleansClientTest\PiraeusUnitTest\bin\Debug\Microsoft.WindowsAzure.Storage.dll
	* Assembly contains no types assignable from Orleans.Providers.IProvider.	
[2017-10-27 17:25:43.120 GMT    11	INFO   	100000	AssemblyLoader.Client	]	User assembly ignored: C:\_git\core\Tests\OrleansClientTest\OrleansClientTest\PiraeusUnitTest\bin\Debug\Newtonsoft.Json.dll
	* Assembly contains no types assignable from Orleans.Providers.IProvider.	
[2017-10-27 17:25:43.121 GMT    11	INFO   	100000	AssemblyLoader.Client	]	User assembly ignored: C:\_git\core\Tests\OrleansClientTest\OrleansClientTest\PiraeusUnitTest\bin\Debug\Orleans.dll
	* Assembly filename is excluded.	
[2017-10-27 17:25:43.123 GMT    11	INFO   	100000	AssemblyLoader.Client	]	User assembly ignored: C:\_git\core\Tests\OrleansClientTest\OrleansClientTest\PiraeusUnitTest\bin\Debug\OrleansCodeGenerator.dll
	* Assembly contains no types assignable from Orleans.Providers.IProvider.	
[2017-10-27 17:25:43.136 GMT    11	INFO   	100000	AssemblyLoader.Client	]	User assembly ignored: C:\_git\core\Tests\OrleansClientTest\OrleansClientTest\PiraeusUnitTest\bin\Debug\Piraeus.Core.dll
	* Assembly contains no types assignable from Orleans.Providers.IProvider.	
[2017-10-27 17:25:43.139 GMT    11	INFO   	100000	AssemblyLoader.Client	]	User assembly ignored: C:\_git\core\Tests\OrleansClientTest\OrleansClientTest\PiraeusUnitTest\bin\Debug\Piraeus.GrainInterfaces.dll
	* Assembly contains no types assignable from Orleans.Providers.IProvider.	
[2017-10-27 17:25:43.149 GMT    11	INFO   	100000	AssemblyLoader.Client	]	User assembly ignored: C:\_git\core\Tests\OrleansClientTest\OrleansClientTest\PiraeusUnitTest\bin\Debug\Piraeus.Grains.dll
	* Assembly contains no types assignable from Orleans.Providers.IProvider.	
[2017-10-27 17:25:43.150 GMT    11	INFO   	100000	AssemblyLoader.Client	]	User assembly ignored: C:\_git\core\Tests\OrleansClientTest\OrleansClientTest\PiraeusUnitTest\bin\Debug\PiraeusUnitTest.dll
	* Assembly contains no types assignable from Orleans.Providers.IProvider.	
[2017-10-27 17:25:43.186 GMT    11	INFO   	100000	AssemblyLoader.Client	]	User assembly ignored: C:\_git\core\Tests\OrleansClientTest\OrleansClientTest\PiraeusUnitTest\bin\Debug\StackExchange.Redis.dll
	* Assembly contains no types assignable from Orleans.Providers.IProvider.	
[2017-10-27 17:25:43.186 GMT    11	INFO   	100000	AssemblyLoader.Client	]	User assembly ignored: C:\_git\core\Tests\OrleansClientTest\OrleansClientTest\PiraeusUnitTest\bin\Debug\System.AppContext.dll
	* Assembly contains no types assignable from Orleans.Providers.IProvider.	
[2017-10-27 17:25:43.207 GMT    11	INFO   	100000	AssemblyLoader.Client	]	User assembly ignored: C:\_git\core\Tests\OrleansClientTest\OrleansClientTest\PiraeusUnitTest\bin\Debug\System.Collections.Immutable.dll
	* Assembly contains no types assignable from Orleans.Providers.IProvider.	
[2017-10-27 17:25:43.207 GMT    11	INFO   	100000	AssemblyLoader.Client	]	User assembly ignored: C:\_git\core\Tests\OrleansClientTest\OrleansClientTest\PiraeusUnitTest\bin\Debug\System.Console.dll
	* Assembly contains no types assignable from Orleans.Providers.IProvider.	
[2017-10-27 17:25:43.212 GMT    11	INFO   	100000	AssemblyLoader.Client	]	User assembly ignored: C:\_git\core\Tests\OrleansClientTest\OrleansClientTest\PiraeusUnitTest\bin\Debug\System.Diagnostics.DiagnosticSource.dll
	* Assembly contains no types assignable from Orleans.Providers.IProvider.	
[2017-10-27 17:25:43.212 GMT    11	INFO   	100000	AssemblyLoader.Client	]	User assembly ignored: C:\_git\core\Tests\OrleansClientTest\OrleansClientTest\PiraeusUnitTest\bin\Debug\System.Diagnostics.FileVersionInfo.dll
	* Assembly contains no types assignable from Orleans.Providers.IProvider.	
[2017-10-27 17:25:43.213 GMT    11	INFO   	100000	AssemblyLoader.Client	]	User assembly ignored: C:\_git\core\Tests\OrleansClientTest\OrleansClientTest\PiraeusUnitTest\bin\Debug\System.Diagnostics.StackTrace.dll
	* Assembly contains no types assignable from Orleans.Providers.IProvider.	
[2017-10-27 17:25:43.213 GMT    11	INFO   	100000	AssemblyLoader.Client	]	User assembly ignored: C:\_git\core\Tests\OrleansClientTest\OrleansClientTest\PiraeusUnitTest\bin\Debug\System.Globalization.Calendars.dll
	* Assembly contains no types assignable from Orleans.Providers.IProvider.	
[2017-10-27 17:25:43.216 GMT    11	INFO   	100000	AssemblyLoader.Client	]	User assembly ignored: C:\_git\core\Tests\OrleansClientTest\OrleansClientTest\PiraeusUnitTest\bin\Debug\System.IO.Compression.dll
	* Assembly contains no types assignable from Orleans.Providers.IProvider.	
[2017-10-27 17:25:43.217 GMT    11	INFO   	100000	AssemblyLoader.Client	]	User assembly ignored: C:\_git\core\Tests\OrleansClientTest\OrleansClientTest\PiraeusUnitTest\bin\Debug\System.IO.Compression.ZipFile.dll
	* Assembly contains no types assignable from Orleans.Providers.IProvider.	
[2017-10-27 17:25:43.217 GMT    11	INFO   	100000	AssemblyLoader.Client	]	User assembly ignored: C:\_git\core\Tests\OrleansClientTest\OrleansClientTest\PiraeusUnitTest\bin\Debug\System.IO.FileSystem.dll
	* Assembly contains no types assignable from Orleans.Providers.IProvider.	
[2017-10-27 17:25:43.218 GMT    11	INFO   	100000	AssemblyLoader.Client	]	User assembly ignored: C:\_git\core\Tests\OrleansClientTest\OrleansClientTest\PiraeusUnitTest\bin\Debug\System.IO.FileSystem.Primitives.dll
	* Assembly contains no types assignable from Orleans.Providers.IProvider.	
[2017-10-27 17:25:43.230 GMT    11	INFO   	100000	AssemblyLoader.Client	]	User assembly ignored: C:\_git\core\Tests\OrleansClientTest\OrleansClientTest\PiraeusUnitTest\bin\Debug\System.Net.Http.dll
	* Assembly contains no types assignable from Orleans.Providers.IProvider.	
[2017-10-27 17:25:43.244 GMT    11	INFO   	100000	AssemblyLoader.Client	]	User assembly ignored: C:\_git\core\Tests\OrleansClientTest\OrleansClientTest\PiraeusUnitTest\bin\Debug\System.Net.Http.Formatting.dll
	* Assembly contains no types assignable from Orleans.Providers.IProvider.	
[2017-10-27 17:25:43.245 GMT    11	INFO   	100000	AssemblyLoader.Client	]	User assembly ignored: C:\_git\core\Tests\OrleansClientTest\OrleansClientTest\PiraeusUnitTest\bin\Debug\System.Net.Sockets.dll
	* Assembly contains no types assignable from Orleans.Providers.IProvider.	
[2017-10-27 17:25:43.288 GMT    11	INFO   	100000	AssemblyLoader.Client	]	User assembly ignored: C:\_git\core\Tests\OrleansClientTest\OrleansClientTest\PiraeusUnitTest\bin\Debug\System.Reflection.Metadata.dll
	* Assembly contains no types assignable from Orleans.Providers.IProvider.	
[2017-10-27 17:25:43.289 GMT    11	INFO   	100000	AssemblyLoader.Client	]	User assembly ignored: C:\_git\core\Tests\OrleansClientTest\OrleansClientTest\PiraeusUnitTest\bin\Debug\System.Runtime.InteropServices.RuntimeInformation.dll
	* Assembly contains no types assignable from Orleans.Providers.IProvider.	
[2017-10-27 17:25:43.290 GMT    11	INFO   	100000	AssemblyLoader.Client	]	User assembly ignored: C:\_git\core\Tests\OrleansClientTest\OrleansClientTest\PiraeusUnitTest\bin\Debug\System.Security.Cryptography.Algorithms.dll
	* Assembly contains no types assignable from Orleans.Providers.IProvider.	
[2017-10-27 17:25:43.290 GMT    11	INFO   	100000	AssemblyLoader.Client	]	User assembly ignored: C:\_git\core\Tests\OrleansClientTest\OrleansClientTest\PiraeusUnitTest\bin\Debug\System.Security.Cryptography.Encoding.dll
	* Assembly contains no types assignable from Orleans.Providers.IProvider.	
[2017-10-27 17:25:43.291 GMT    11	INFO   	100000	AssemblyLoader.Client	]	User assembly ignored: C:\_git\core\Tests\OrleansClientTest\OrleansClientTest\PiraeusUnitTest\bin\Debug\System.Security.Cryptography.Primitives.dll
	* Assembly contains no types assignable from Orleans.Providers.IProvider.	
[2017-10-27 17:25:43.292 GMT    11	INFO   	100000	AssemblyLoader.Client	]	User assembly ignored: C:\_git\core\Tests\OrleansClientTest\OrleansClientTest\PiraeusUnitTest\bin\Debug\System.Security.Cryptography.X509Certificates.dll
	* Assembly contains no types assignable from Orleans.Providers.IProvider.	
[2017-10-27 17:25:43.295 GMT    11	INFO   	100000	AssemblyLoader.Client	]	User assembly ignored: C:\_git\core\Tests\OrleansClientTest\OrleansClientTest\PiraeusUnitTest\bin\Debug\System.Text.Encoding.CodePages.dll
	* Assembly contains no types assignable from Orleans.Providers.IProvider.	
[2017-10-27 17:25:43.296 GMT    11	INFO   	100000	AssemblyLoader.Client	]	User assembly ignored: C:\_git\core\Tests\OrleansClientTest\OrleansClientTest\PiraeusUnitTest\bin\Debug\System.Threading.Thread.dll
	* Assembly contains no types assignable from Orleans.Providers.IProvider.	
[2017-10-27 17:25:43.299 GMT    11	INFO   	100000	AssemblyLoader.Client	]	User assembly ignored: C:\_git\core\Tests\OrleansClientTest\OrleansClientTest\PiraeusUnitTest\bin\Debug\System.ValueTuple.dll
	* Assembly contains no types assignable from Orleans.Providers.IProvider.	
[2017-10-27 17:25:43.335 GMT    11	INFO   	100000	AssemblyLoader.Client	]	User assembly ignored: C:\_git\core\Tests\OrleansClientTest\OrleansClientTest\PiraeusUnitTest\bin\Debug\System.Web.Http.dll
	* Assembly contains no types assignable from Orleans.Providers.IProvider.	
[2017-10-27 17:25:43.336 GMT    11	INFO   	100000	AssemblyLoader.Client	]	User assembly ignored: C:\_git\core\Tests\OrleansClientTest\OrleansClientTest\PiraeusUnitTest\bin\Debug\System.Xml.ReaderWriter.dll
	* Assembly contains no types assignable from Orleans.Providers.IProvider.	
[2017-10-27 17:25:43.336 GMT    11	INFO   	100000	AssemblyLoader.Client	]	User assembly ignored: C:\_git\core\Tests\OrleansClientTest\OrleansClientTest\PiraeusUnitTest\bin\Debug\System.Xml.XmlDocument.dll
	* Assembly contains no types assignable from Orleans.Providers.IProvider.	
[2017-10-27 17:25:43.337 GMT    11	INFO   	100000	AssemblyLoader.Client	]	User assembly ignored: C:\_git\core\Tests\OrleansClientTest\OrleansClientTest\PiraeusUnitTest\bin\Debug\System.Xml.XPath.dll
	* Assembly contains no types assignable from Orleans.Providers.IProvider.	
[2017-10-27 17:25:43.337 GMT    11	INFO   	100000	AssemblyLoader.Client	]	User assembly ignored: C:\_git\core\Tests\OrleansClientTest\OrleansClientTest\PiraeusUnitTest\bin\Debug\System.Xml.XPath.XDocument.dll
	* Assembly contains no types assignable from Orleans.Providers.IProvider.	
[2017-10-27 17:25:43.337 GMT    11	INFO   	100000	AssemblyLoader.Client	]	Loading assembly C:\_git\core\Tests\OrleansClientTest\OrleansClientTest\PiraeusUnitTest\bin\Debug\OrleansProviders.dll...	
[2017-10-27 17:25:43.362 GMT    11	INFO   	100000	AssemblyLoader.Client	]	1 assemblies loaded.	
[2017-10-27 17:25:43.470 GMT    11	INFO   	100313	OutsideRuntimeClient	]	---------- Initializing OutsideRuntimeClient on MININT-2T87D76 at 172.19.176.1 Client Id = *cli/fae8c6b6 ----------	
[2017-10-27 17:25:43.498 GMT    11	INFO   	100314	OutsideRuntimeClient	]	---------- Starting OutsideRuntimeClient with runtime Version='1.5.2.0 (Release).' in AppDomain=<AppDomain.Id=9, AppDomain.FriendlyName=TestSourceHost: Enumering assembly> Config= 
 Platform version info:
   Orleans version: 1.5.2.0 (Release).
   .NET version: 4.0.30319.42000
   OS version: Microsoft Windows NT 10.0.14393.0
   App config file: C:\_git\core\Tests\OrleansClientTest\OrleansClientTest\PiraeusUnitTest\bin\Debug\PiraeusUnitTest.dll.config
   GC Type=Client GCLatencyMode=Interactive
   Host: MININT-2T87D76
   Processor Count: 4
Client Configuration:
   Config File Name: 
   Start time: 2017-10-27 17:25:43.488 GMT
   Gateway Provider: Config
   Gateways[1]:
      127.0.0.1:40000
   Preferred Gateway Index: -1
   GatewayListRefreshPeriod: 00:01:00
   Preferred Address Family: InterNetwork
   DNS Host Name: MININT-2T87D76
   Client Name: Client
   Tracing: 
     Default Trace Level: Info
     TraceLevelOverrides: None
     Trace to Console: True
     Trace File Name: C:\_git\core\Tests\OrleansClientTest\OrleansClientTest\PiraeusUnitTest\bin\Debug\Client-2017-10-27-17.25.35.911Z.log
     LargeMessageWarningThreshold: 85000
     PropagateActivityId: False
     BulkMessageLimit: 5
   Statistics: 
     MetricsTableWriteInterval: 00:00:30
     PerfCounterWriteInterval: -00:00:00.0010000
     LogWriteInterval: 00:05:00
     WriteLogStatisticsToTable: True
     StatisticsCollectionLevel: Info
   Messaging:
       Response timeout: 00:00:30
       Maximum resend count: 0
       Resend On Timeout: False
       Maximum Socket Age: 10675199.02:48:05.4775807
       Drop Expired Messages: True
       Client Sender Buckets: 8192
       Buffer Pool Buffer Size: 4096
       Buffer Pool Max Size: 10000
       Buffer Pool Preallocation Size: 250
       Fallback serializer: 
   .NET: 
       .NET thread pool sizes - Min: Worker Threads=4 Completion Port Threads=4
       .NET thread pool sizes - Max: Worker Threads=1023 Completion Port Threads=1000
   Providers:
       No providers configured.
	
[2017-10-27 17:25:43.645 GMT    13	INFO   	101309	Messaging.GatewayManager	]	Found 1 knownGateways from Gateway listProvider [gwy.tcp://127.0.0.1:40000/0]	
[2017-10-27 17:25:43.750 GMT    13	INFO   	100908	Messaging.GatewayConnection/GatewayClientSender_gwy.tcp://127.0.0.1:40000/0	172.19.176.1:0]	Connected to gateway at address gwy.tcp://127.0.0.1:40000/0 on trial 0.	
[2017-10-27 17:25:43.755 GMT    15	INFO   	100000	Messaging.GatewayClientReceiver/gwy.tcp://127.0.0.1:40000/0	172.19.176.1:0]	Starting AsyncAgent Messaging.GatewayClientReceiver/gwy.tcp://127.0.0.1:40000/0 on managed thread 15	
[2017-10-27 17:25:43.765 GMT    14	INFO   	100000	Messaging.GatewayConnection/GatewayClientSender_gwy.tcp://127.0.0.1:40000/0	172.19.176.1:0]	Starting AsyncAgent Messaging.GatewayConnection/GatewayClientSender_gwy.tcp://127.0.0.1:40000/0 on managed thread 14	
[2017-10-27 17:25:43.985 GMT     4	INFO   	100929	OutsideRuntimeClient	172.19.176.1:0]	---------- Started OutsideRuntimeClient with Global Client ID: C172.19.176.1:0:-246821143*cli/fae8c6b6@6ea893a2, client GUID ID: *cli/fae8c6b6	
[2017-10-27 17:25:46.071 GMT    11	WARNING	101723	AssemblyProcessor	172.19.176.1:0]	Exception loading types from assembly 'Microsoft.WindowsAzure.Storage, Version=8.5.0.0, Culture=neutral, PublicKeyToken=31bf3856ad364e35': 
Exc level 0: System.Reflection.ReflectionTypeLoadException: Unable to load one or more of the requested types. Retrieve the LoaderExceptions property for more information.
   at System.Reflection.RuntimeModule.GetTypes(RuntimeModule module)
   at System.Reflection.RuntimeAssembly.get_DefinedTypes()
   at Orleans.Runtime.TypeUtils.GetDefinedTypes(Assembly assembly, Logger logger)
Exc level 1: System.IO.FileNotFoundException: Could not load file or assembly 'Microsoft.Data.Services.Client, Version=5.8.3.0, Culture=neutral, PublicKeyToken=31bf3856ad364e35' or one of its dependencies. The system cannot find the file specified.
Exc level 2: System.IO.FileNotFoundException: Could not load file or assembly 'Microsoft.Data.Services.Client, Version=5.8.1.0, Culture=neutral, PublicKeyToken=31bf3856ad364e35' or one of its dependencies. The system cannot find the file specified.
Exc level 1: System.IO.FileNotFoundException: Could not load file or assembly 'Microsoft.Data.OData, Version=5.8.3.0, Culture=neutral, PublicKeyToken=31bf3856ad364e35' or one of its dependencies. The system cannot find the file specified.
Exc level 2: System.IO.FileNotFoundException: Could not load file or assembly 'Microsoft.Data.OData, Version=5.8.1.0, Culture=neutral, PublicKeyToken=31bf3856ad364e35' or one of its dependencies. The system cannot find the file specified.
Exc level 1: System.IO.FileNotFoundException: Could not load file or assembly 'Microsoft.Data.OData, Version=5.8.3.0, Culture=neutral, PublicKeyToken=31bf3856ad364e35' or one of its dependencies. The system cannot find the file specified.
Exc level 2: System.IO.FileNotFoundException: Could not load file or assembly 'Microsoft.Data.OData, Version=5.8.1.0, Culture=neutral, PublicKeyToken=31bf3856ad364e35' or one of its dependencies. The system cannot find the file specified.
Exc level 1: System.IO.FileNotFoundException: Could not load file or assembly 'Microsoft.Data.OData, Version=5.8.3.0, Culture=neutral, PublicKeyToken=31bf3856ad364e35' or one of its dependencies. The system cannot find the file specified.
Exc level 2: System.IO.FileNotFoundException: Could not load file or assembly 'Microsoft.Data.OData, Version=5.8.1.0, Culture=neutral, PublicKeyToken=31bf3856ad364e35' or one of its dependencies. The system cannot find the file specified.
Exc level 1: System.IO.FileNotFoundException: Could not load file or assembly 'Microsoft.Data.Edm, Version=5.8.3.0, Culture=neutral, PublicKeyToken=31bf3856ad364e35' or one of its dependencies. The system cannot find the file specified.
Exc level 2: System.IO.FileNotFoundException: Could not load file or assembly 'Microsoft.Data.Edm, Version=5.8.1.0, Culture=neutral, PublicKeyToken=31bf3856ad364e35' or one of its dependencies. The system cannot find the file specified.
Exc level 1: System.IO.FileNotFoundException: Could not load file or assembly 'Microsoft.Data.Edm, Version=5.8.3.0, Culture=neutral, PublicKeyToken=31bf3856ad364e35' or one of its dependencies. The system cannot find the file specified.
Exc level 2: System.IO.FileNotFoundException: Could not load file or assembly 'Microsoft.Data.Edm, Version=5.8.1.0, Culture=neutral, PublicKeyToken=31bf3856ad364e35' or one of its dependencies. The system cannot find the file specified.
Exc level 1: System.IO.FileNotFoundException: Could not load file or assembly 'Microsoft.Data.OData, Version=5.8.3.0, Culture=neutral, PublicKeyToken=31bf3856ad364e35' or one of its dependencies. The system cannot find the file specified.
Exc level 2: System.IO.FileNotFoundException: Could not load file or assembly 'Microsoft.Data.OData, Version=5.8.1.0, Culture=neutral, PublicKeyToken=31bf3856ad364e35' or one of its dependencies. The system cannot find the file specified.
Exc level 1: System.IO.FileNotFoundException: Could not load file or assembly 'Microsoft.Azure.KeyVault.Core, Version=2.0.0.0, Culture=neutral, PublicKeyToken=31bf3856ad364e35' or one of its dependencies. The system cannot find the file specified.
Exc level 2: System.IO.FileNotFoundException: Could not load file or assembly 'Microsoft.Azure.KeyVault.Core, Version=1.0.0.0, Culture=neutral, PublicKeyToken=31bf3856ad364e35' or one of its dependencies. The system cannot find the file specified.
Exc level 1: System.IO.FileNotFoundException: Could not load file or assembly 'Microsoft.Azure.KeyVault.Core, Version=2.0.0.0, Culture=neutral, PublicKeyToken=31bf3856ad364e35' or one of its dependencies. The system cannot find the file specified.
Exc level 2: System.IO.FileNotFoundException: Could not load file or assembly 'Microsoft.Azure.KeyVault.Core, Version=1.0.0.0, Culture=neutral, PublicKeyToken=31bf3856ad364e35' or one of its dependencies. The system cannot find the file specified.
Exc level 1: System.IO.FileNotFoundException: Could not load file or assembly 'Microsoft.Data.Services.Client, Version=5.8.3.0, Culture=neutral, PublicKeyToken=31bf3856ad364e35' or one of its dependencies. The system cannot find the file specified.
Exc level 2: System.IO.FileNotFoundException: Could not load file or assembly 'Microsoft.Data.Services.Client, Version=5.8.1.0, Culture=neutral, PublicKeyToken=31bf3856ad364e35' or one of its dependencies. The system cannot find the file specified.
Exc level 1: System.IO.FileNotFoundException: Could not load file or assembly 'Microsoft.Data.OData, Version=5.8.3.0, Culture=neutral, PublicKeyToken=31bf3856ad364e35' or one of its dependencies. The system cannot find the file specified.
Exc level 2: System.IO.FileNotFoundException: Could not load file or assembly 'Microsoft.Data.OData, Version=5.8.1.0, Culture=neutral, PublicKeyToken=31bf3856ad364e35' or one of its dependencies. The system cannot find the file specified..	
Exc level 0: System.Reflection.ReflectionTypeLoadException: Unable to load one or more of the requested types. Retrieve the LoaderExceptions property for more information.
   at System.Reflection.RuntimeModule.GetTypes(RuntimeModule module)
   at System.Reflection.RuntimeAssembly.get_DefinedTypes()
   at Orleans.Runtime.TypeUtils.GetDefinedTypes(Assembly assembly, Logger logger)
Exc level 1: System.IO.FileNotFoundException: Could not load file or assembly 'Microsoft.Data.Services.Client, Version=5.8.3.0, Culture=neutral, PublicKeyToken=31bf3856ad364e35' or one of its dependencies. The system cannot find the file specified.
Exc level 2: System.IO.FileNotFoundException: Could not load file or assembly 'Microsoft.Data.Services.Client, Version=5.8.1.0, Culture=neutral, PublicKeyToken=31bf3856ad364e35' or one of its dependencies. The system cannot find the file specified.
Exc level 1: System.IO.FileNotFoundException: Could not load file or assembly 'Microsoft.Data.OData, Version=5.8.3.0, Culture=neutral, PublicKeyToken=31bf3856ad364e35' or one of its dependencies. The system cannot find the file specified.
Exc level 2: System.IO.FileNotFoundException: Could not load file or assembly 'Microsoft.Data.OData, Version=5.8.1.0, Culture=neutral, PublicKeyToken=31bf3856ad364e35' or one of its dependencies. The system cannot find the file specified.
Exc level 1: System.IO.FileNotFoundException: Could not load file or assembly 'Microsoft.Data.OData, Version=5.8.3.0, Culture=neutral, PublicKeyToken=31bf3856ad364e35' or one of its dependencies. The system cannot find the file specified.
Exc level 2: System.IO.FileNotFoundException: Could not load file or assembly 'Microsoft.Data.OData, Version=5.8.1.0, Culture=neutral, PublicKeyToken=31bf3856ad364e35' or one of its dependencies. The system cannot find the file specified.
Exc level 1: System.IO.FileNotFoundException: Could not load file or assembly 'Microsoft.Data.OData, Version=5.8.3.0, Culture=neutral, PublicKeyToken=31bf3856ad364e35' or one of its dependencies. The system cannot find the file specified.
Exc level 2: System.IO.FileNotFoundException: Could not load file or assembly 'Microsoft.Data.OData, Version=5.8.1.0, Culture=neutral, PublicKeyToken=31bf3856ad364e35' or one of its dependencies. The system cannot find the file specified.
Exc level 1: System.IO.FileNotFoundException: Could not load file or assembly 'Microsoft.Data.Edm, Version=5.8.3.0, Culture=neutral, PublicKeyToken=31bf3856ad364e35' or one of its dependencies. The system cannot find the file specified.
Exc level 2: System.IO.FileNotFoundException: Could not load file or assembly 'Microsoft.Data.Edm, Version=5.8.1.0, Culture=neutral, PublicKeyToken=31bf3856ad364e35' or one of its dependencies. The system cannot find the file specified.
Exc level 1: System.IO.FileNotFoundException: Could not load file or assembly 'Microsoft.Data.Edm, Version=5.8.3.0, Culture=neutral, PublicKeyToken=31bf3856ad364e35' or one of its dependencies. The system cannot find the file specified.
Exc level 2: System.IO.FileNotFoundException: Could not load file or assembly 'Microsoft.Data.Edm, Version=5.8.1.0, Culture=neutral, PublicKeyToken=31bf3856ad364e35' or one of its dependencies. The system cannot find the file specified.
Exc level 1: System.IO.FileNotFoundException: Could not load file or assembly 'Microsoft.Data.OData, Version=5.8.3.0, Culture=neutral, PublicKeyToken=31bf3856ad364e35' or one of its dependencies. The system cannot find the file specified.
Exc level 2: System.IO.FileNotFoundException: Could not load file or assembly 'Microsoft.Data.OData, Version=5.8.1.0, Culture=neutral, PublicKeyToken=31bf3856ad364e35' or one of its dependencies. The system cannot find the file specified.
Exc level 1: System.IO.FileNotFoundException: Could not load file or assembly 'Microsoft.Azure.KeyVault.Core, Version=2.0.0.0, Culture=neutral, PublicKeyToken=31bf3856ad364e35' or one of its dependencies. The system cannot find the file specified.
Exc level 2: System.IO.FileNotFoundException: Could not load file or assembly 'Microsoft.Azure.KeyVault.Core, Version=1.0.0.0, Culture=neutral, PublicKeyToken=31bf3856ad364e35' or one of its dependencies. The system cannot find the file specified.
Exc level 1: System.IO.FileNotFoundException: Could not load file or assembly 'Microsoft.Azure.KeyVault.Core, Version=2.0.0.0, Culture=neutral, PublicKeyToken=31bf3856ad364e35' or one of its dependencies. The system cannot find the file specified.
Exc level 2: System.IO.FileNotFoundException: Could not load file or assembly 'Microsoft.Azure.KeyVault.Core, Version=1.0.0.0, Culture=neutral, PublicKeyToken=31bf3856ad364e35' or one of its dependencies. The system cannot find the file specified.
Exc level 1: System.IO.FileNotFoundException: Could not load file or assembly 'Microsoft.Data.Services.Client, Version=5.8.3.0, Culture=neutral, PublicKeyToken=31bf3856ad364e35' or one of its dependencies. The system cannot find the file specified.
Exc level 2: System.IO.FileNotFoundException: Could not load file or assembly 'Microsoft.Data.Services.Client, Version=5.8.1.0, Culture=neutral, PublicKeyToken=31bf3856ad364e35' or one of its dependencies. The system cannot find the file specified.
Exc level 1: System.IO.FileNotFoundException: Could not load file or assembly 'Microsoft.Data.OData, Version=5.8.3.0, Culture=neutral, PublicKeyToken=31bf3856ad364e35' or one of its dependencies. The system cannot find the file specified.
Exc level 2: System.IO.FileNotFoundException: Could not load file or assembly 'Microsoft.Data.OData, Version=5.8.1.0, Culture=neutral, PublicKeyToken=31bf3856ad364e35' or one of its dependencies. The system cannot find the file specified.
[2017-10-27 17:25:46.082 GMT    11	ERROR  	102401	AssemblyProcessor	172.19.176.1:0]	!!!!!!!!!! Failed to load type Microsoft.WindowsAzure.Storage.Table.DataServices.TableServiceEntity in assembly Microsoft.WindowsAzure.Storage, Version=8.5.0.0, Culture=neutral, PublicKeyToken=31bf3856ad364e35.	
Exc level 0: System.IO.FileNotFoundException: Could not load file or assembly 'Microsoft.Data.Services.Client, Version=5.8.3.0, Culture=neutral, PublicKeyToken=31bf3856ad364e35' or one of its dependencies. The system cannot find the file specified.
   at System.ModuleHandle.ResolveType(RuntimeModule module, Int32 typeToken, IntPtr* typeInstArgs, Int32 typeInstCount, IntPtr* methodInstArgs, Int32 methodInstCount, ObjectHandleOnStack type)
   at System.ModuleHandle.ResolveTypeHandleInternal(RuntimeModule module, Int32 typeToken, RuntimeTypeHandle[] typeInstantiationContext, RuntimeTypeHandle[] methodInstantiationContext)
   at System.Reflection.RuntimeModule.ResolveType(Int32 metadataToken, Type[] genericTypeArguments, Type[] genericMethodArguments)
   at System.Reflection.CustomAttribute.FilterCustomAttributeRecord(CustomAttributeRecord caRecord, MetadataImport scope, Assembly& lastAptcaOkAssembly, RuntimeModule decoratedModule, MetadataToken decoratedToken, RuntimeType attributeFilterType, Boolean mustBeInheritable, Object[] attributes, IList derivedAttributes, RuntimeType& attributeType, IRuntimeMethodInfo& ctor, Boolean& ctorHasParameters, Boolean& isVarArg)
   at System.Reflection.CustomAttribute.GetCustomAttributes(RuntimeModule decoratedModule, Int32 decoratedMetadataToken, Int32 pcaCount, RuntimeType attributeFilterType, Boolean mustBeInheritable, IList derivedAttributes, Boolean isDecoratedTargetSecurityTransparent)
   at System.Reflection.CustomAttribute.GetCustomAttributes(RuntimeType type, RuntimeType caType, Boolean inherit)
   at System.RuntimeType.GetCustomAttributes(Type attributeType, Boolean inherit)
   at System.Attribute.GetCustomAttributes(MemberInfo element, Type type, Boolean inherit)
   at System.Reflection.CustomAttributeExtensions.GetCustomAttributes[T](MemberInfo element)
   at Orleans.Serialization.SerializationManager.FindSerializationInfo(Type type)
   at Orleans.Runtime.AssemblyProcessor.ProcessAssembly(Assembly assembly)
Exc level 1: System.IO.FileNotFoundException: Could not load file or assembly 'Microsoft.Data.Services.Client, Version=5.8.1.0, Culture=neutral, PublicKeyToken=31bf3856ad364e35' or one of its dependencies. The system cannot find the file specified.
[2017-10-27 17:25:46.098 GMT    11	ERROR  	102401	AssemblyProcessor	172.19.176.1:0]	!!!!!!!!!! Failed to load type Microsoft.WindowsAzure.Storage.Table.TableServiceTable in assembly Microsoft.WindowsAzure.Storage, Version=8.5.0.0, Culture=neutral, PublicKeyToken=31bf3856ad364e35.	
Exc level 0: System.IO.FileNotFoundException: Could not load file or assembly 'Microsoft.Data.Services.Client, Version=5.8.3.0, Culture=neutral, PublicKeyToken=31bf3856ad364e35' or one of its dependencies. The system cannot find the file specified.
   at System.ModuleHandle.ResolveType(RuntimeModule module, Int32 typeToken, IntPtr* typeInstArgs, Int32 typeInstCount, IntPtr* methodInstArgs, Int32 methodInstCount, ObjectHandleOnStack type)
   at System.ModuleHandle.ResolveTypeHandleInternal(RuntimeModule module, Int32 typeToken, RuntimeTypeHandle[] typeInstantiationContext, RuntimeTypeHandle[] methodInstantiationContext)
   at System.Reflection.RuntimeModule.ResolveType(Int32 metadataToken, Type[] genericTypeArguments, Type[] genericMethodArguments)
   at System.Reflection.CustomAttribute.FilterCustomAttributeRecord(CustomAttributeRecord caRecord, MetadataImport scope, Assembly& lastAptcaOkAssembly, RuntimeModule decoratedModule, MetadataToken decoratedToken, RuntimeType attributeFilterType, Boolean mustBeInheritable, Object[] attributes, IList derivedAttributes, RuntimeType& attributeType, IRuntimeMethodInfo& ctor, Boolean& ctorHasParameters, Boolean& isVarArg)
   at System.Reflection.CustomAttribute.GetCustomAttributes(RuntimeModule decoratedModule, Int32 decoratedMetadataToken, Int32 pcaCount, RuntimeType attributeFilterType, Boolean mustBeInheritable, IList derivedAttributes, Boolean isDecoratedTargetSecurityTransparent)
   at System.Reflection.CustomAttribute.GetCustomAttributes(RuntimeType type, RuntimeType caType, Boolean inherit)
   at System.RuntimeType.GetCustomAttributes(Type attributeType, Boolean inherit)
   at System.Attribute.GetCustomAttributes(MemberInfo element, Type type, Boolean inherit)
   at System.Reflection.CustomAttributeExtensions.GetCustomAttributes[T](MemberInfo element)
   at Orleans.Serialization.SerializationManager.FindSerializationInfo(Type type)
   at Orleans.Runtime.AssemblyProcessor.ProcessAssembly(Assembly assembly)
Exc level 1: System.IO.FileNotFoundException: Could not load file or assembly 'Microsoft.Data.Services.Client, Version=5.8.1.0, Culture=neutral, PublicKeyToken=31bf3856ad364e35' or one of its dependencies. The system cannot find the file specified.
[2017-10-27 17:25:46.285 GMT    15	WARNING	100158	Messaging.GatewayClientReceiver/gwy.tcp://127.0.0.1:40000/0	172.19.176.1:0]	Exception receiving from gateway gwy.tcp://127.0.0.1:40000/0: An existing connection was forcibly closed by the remote host	
[2017-10-27 17:25:46.290 GMT     2	WARNING	100931	OutsideRuntimeClient	172.19.176.1:0]	Current AppDomain=<AppDomain.Id=9, AppDomain.FriendlyName=TestSourceHost: Enumering assembly> is unloading.	
[2017-10-27 17:25:46.314 GMT    15	WARNING	100913	Messaging.GatewayConnection/GatewayClientSender_gwy.tcp://127.0.0.1:40000/0	172.19.176.1:0]	Marking gateway at address gwy.tcp://127.0.0.1:40000/0 as Disconnected	
[2017-10-27 17:25:46.317 GMT    14	INFO   	100312	Messaging.GatewayConnection/GatewayClientSender_gwy.tcp://127.0.0.1:40000/0	172.19.176.1:0]	Stop request processed	
[2017-10-27 17:25:46.343 GMT    14	INFO   	100328	Messaging.GatewayConnection/GatewayClientSender_gwy.tcp://127.0.0.1:40000/0	172.19.176.1:0]	Stopping AsyncAgent Messaging.GatewayConnection/GatewayClientSender_gwy.tcp://127.0.0.1:40000/0 that runs on managed thread 14	
[2017-10-27 17:25:46.340 GMT    15	WARNING	100902	Messaging.GatewayClientReceiver/gwy.tcp://127.0.0.1:40000/0	172.19.176.1:0]	Unexpected/unhandled exception while receiving: System.Threading.ThreadAbortException: Thread was being aborted.
   at Orleans.Messaging.GatewayClientReceiver.FillBuffer(List`1 bufferSegments)
   at Orleans.Messaging.GatewayClientReceiver.Run(). Restarting gateway receiver for gwy.tcp://127.0.0.1:40000/0.	
Exc level 0: System.Threading.ThreadAbortException: Thread was being aborted.
   at Orleans.Messaging.GatewayClientReceiver.FillBuffer(List`1 bufferSegments)
   at Orleans.Messaging.GatewayClientReceiver.Run()
[2017-10-27 17:25:46.339 GMT    10	ERROR  	100326	OutsideRuntimeClient	172.19.176.1:0]	!!!!!!!!!! RunClientMessagePump has thrown exception	
Exc level 0: System.Threading.ThreadAbortException: Thread was being aborted.
   at Orleans.Messaging.ProxiedMessageCenter.WaitMessage(Categories type, CancellationToken ct)
   at Orleans.OutsideRuntimeClient.RunClientMessagePump(CancellationToken ct)
   at Orleans.OutsideRuntimeClient.<>c__DisplayClass65_0.<StartInternal>b__0()
[2017-10-27 17:25:46.354 GMT    15	INFO   	100328	Messaging.GatewayClientReceiver/gwy.tcp://127.0.0.1:40000/0	172.19.176.1:0]	Stopping AsyncAgent Messaging.GatewayClientReceiver/gwy.tcp://127.0.0.1:40000/0 that runs on managed thread 15	
[2017-10-27 17:25:46.345 GMT     9	ERROR  	100921	Messaging.GatewayManager	172.19.176.1:0]	!!!!!!!!!! Exception occurred during RefreshSnapshotLiveGateways_TimerCallback -> listProvider.GetGateways()	
Exc level 0: System.Threading.ThreadAbortException: Thread was being aborted.
   at System.Threading.Monitor.ReliableEnter(Object obj, Boolean& lockTaken)
   at Orleans.Messaging.GatewayManager.UpdateLiveGatewaysSnapshot(IEnumerable`1 currentKnownGateways, TimeSpan maxStaleness)
   at Orleans.Messaging.GatewayManager.RefreshSnapshotLiveGateways_TimerCallback(Object context)
